#
# There is insufficient memory for the Java Runtime Environment to continue.
# Native memory allocation (malloc) failed to allocate 34688 bytes for Chunk::new
# Possible reasons:
#   The system is out of physical RAM or swap space
#   The process is running with CompressedOops enabled, and the Java Heap may be blocking the growth of the native heap
# Possible solutions:
#   Reduce memory load on the system
#   Increase physical memory or swap space
#   Check if swap backing store is full
#   Decrease Java heap size (-Xmx/-Xms)
#   Decrease number of Java threads
#   Decrease Java thread stack sizes (-Xss)
#   Set larger code cache with -XX:ReservedCodeCacheSize=
#   JVM is running with Unscaled Compressed Oops mode in which the Java heap is
#     placed in the first 4GB address space. The Java Heap base address is the
#     maximum limit for the native heap growth. Please use -XX:HeapBaseMinAddress
#     to set the Java Heap base and to place the Java Heap above 4GB virtual address.
# This output file may be truncated or incomplete.
#
#  Out of Memory Error (./src/hotspot/share/memory/arena.cpp:197), pid=10220, tid=10560
#
# JRE version: OpenJDK Runtime Environment (11.0.8+10) (build 11.0.8+10-b944.6842174)
# Java VM: OpenJDK 64-Bit Server VM (11.0.8+10-b944.6842174, mixed mode, tiered, compressed oops, g1 gc, windows-amd64)
# No core dump will be written. Minidumps are not enabled by default on client versions of Windows
#

---------------  S U M M A R Y ------------

Command Line: --add-opens=java.base/java.util=ALL-UNNAMED --add-opens=java.base/java.lang=ALL-UNNAMED --add-opens=java.base/java.lang.invoke=ALL-UNNAMED --add-opens=java.prefs/java.util.prefs=ALL-UNNAMED -Xmx2048m -Dfile.encoding=UTF-8 -Duser.country=RU -Duser.language=ru -Duser.variant org.gradle.launcher.daemon.bootstrap.GradleDaemon 6.7.1

Host: Intel(R) Core(TM) i7-8750H CPU @ 2.20GHz, 12 cores, 7G,  Windows 10 , 64 bit Build 19041 (10.0.19041.292)
Time: Mon May 24 22:59:52 2021 RTZ 2 (зима) elapsed time: 16 seconds (0d 0h 0m 16s)

---------------  T H R E A D  ---------------

Current thread (0x0000013a21e33800):  JavaThread "C2 CompilerThread1" daemon [_thread_in_native, id=10560, stack(0x0000002942e00000,0x0000002942f00000)]


Current CompileTask:
C2:  16183 4273       4       java.util.zip.ZipFile$Source::initCEN (658 bytes)

Stack: [0x0000002942e00000,0x0000002942f00000]
Native frames: (J=compiled Java code, j=interpreted, Vv=VM code, C=native code)
V  [jvm.dll+0x5de50a]
V  [jvm.dll+0x7122f5]
V  [jvm.dll+0x71384d]
V  [jvm.dll+0x713f03]
V  [jvm.dll+0x23e728]
V  [jvm.dll+0xb899c]
V  [jvm.dll+0xb8e9c]
V  [jvm.dll+0xb8a98]
V  [jvm.dll+0x63a13c]
V  [jvm.dll+0x5093bc]
V  [jvm.dll+0x511612]
V  [jvm.dll+0x4fe6a2]
V  [jvm.dll+0x4fe44d]
V  [jvm.dll+0x4fe33b]
V  [jvm.dll+0x6a0294]
V  [jvm.dll+0x698378]
V  [jvm.dll+0x6a2c37]
V  [jvm.dll+0x5027fd]
V  [jvm.dll+0x1ff393]
V  [jvm.dll+0x1f917c]
V  [jvm.dll+0x1f685f]
V  [jvm.dll+0x17f32c]
V  [jvm.dll+0x205047]
V  [jvm.dll+0x203891]
V  [jvm.dll+0x6dad3f]
V  [jvm.dll+0x6d3895]
V  [jvm.dll+0x5dd4a6]
C  [ucrtbase.dll+0x214c2]
C  [KERNEL32.DLL+0x16fd4]
C  [ntdll.dll+0x4cec1]


---------------  P R O C E S S  ---------------

Threads class SMR info:
_java_thread_list=0x0000013a213d9590, length=140, elements={
0x0000013a0344d000, 0x0000013a1e39b000, 0x0000013a1e39e000, 0x0000013a1ed3a800,
0x0000013a1ed3b800, 0x0000013a1ed3d800, 0x0000013a1ed40800, 0x0000013a1e3bc000,
0x0000013a1eea7800, 0x0000013a1eeca000, 0x0000013a21183000, 0x0000013a20085800,
0x0000013a1fa71000, 0x0000013a20b1c000, 0x0000013a20b1c800, 0x0000013a20b85800,
0x0000013a213fd000, 0x0000013a1f957000, 0x0000013a2102c800, 0x0000013a21987000,
0x0000013a21059800, 0x0000013a2105a000, 0x0000013a21056000, 0x0000013a21054800,
0x0000013a21057000, 0x0000013a21057800, 0x0000013a21058800, 0x0000013a2105b000,
0x0000013a21055800, 0x0000013a226a3000, 0x0000013a226a4000, 0x0000013a2269f000,
0x0000013a226a1800, 0x0000013a226a5800, 0x0000013a226a6800, 0x0000013a226a0800,
0x0000013a226ac000, 0x0000013a226ad000, 0x0000013a226a7000, 0x0000013a226ad800,
0x0000013a226ab800, 0x0000013a226a8000, 0x0000013a226a9000, 0x0000013a21e33800,
0x0000013a226a9800, 0x0000013a226aa800, 0x0000013a20b48800, 0x0000013a20b46800,
0x0000013a20b4b000, 0x0000013a20b47000, 0x0000013a20b49800, 0x0000013a20b48000,
0x0000013a20b4a800, 0x0000013a20b45800, 0x0000013a20b4c000, 0x0000013a23dd4800,
0x0000013a23dd3800, 0x0000013a23dd7800, 0x0000013a23dd7000, 0x0000013a23dd2800,
0x0000013a23dda000, 0x0000013a23ddb000, 0x0000013a23dd5000, 0x0000013a23dd8800,
0x0000013a23ddb800, 0x0000013a23dd6000, 0x0000013a23dd9000, 0x0000013a23dde000,
0x0000013a23de0000, 0x0000013a23de0800, 0x0000013a23de1800, 0x0000013a23ddf000,
0x0000013a23ddc800, 0x0000013a23ddd800, 0x0000013a23ce5000, 0x0000013a23ce2800,
0x0000013a23ce6000, 0x0000013a23ce9000, 0x0000013a23ce4800, 0x0000013a23ce7000,
0x0000013a23ce3800, 0x0000013a23ceb800, 0x0000013a23ce8800, 0x0000013a23ce7800,
0x0000013a23cef000, 0x0000013a23cec800, 0x0000013a23cee000, 0x0000013a23ced800,
0x0000013a23cf0000, 0x0000013a23cea000, 0x0000013a23cf0800, 0x0000013a23ceb000,
0x0000013a23cf1800, 0x0000013a21581800, 0x0000013a21585800, 0x0000013a2157f800,
0x0000013a21586000, 0x0000013a21584800, 0x0000013a21584000, 0x0000013a21580800,
0x0000013a21587000, 0x0000013a21588000, 0x0000013a21583000, 0x0000013a21582000,
0x0000013a2158d000, 0x0000013a2158c000, 0x0000013a2158d800, 0x0000013a21588800,
0x0000013a21589800, 0x0000013a2158e800, 0x0000013a2158b000, 0x0000013a2158a800,
0x0000013a216e5000, 0x0000013a216e1800, 0x0000013a216e3000, 0x0000013a216e7000,
0x0000013a216e8000, 0x0000013a216e2800, 0x0000013a216e5800, 0x0000013a216e9000,
0x0000013a216e6800, 0x0000013a216e4000, 0x0000013a216ec000, 0x0000013a216ee800,
0x0000013a216eb800, 0x0000013a216ee000, 0x0000013a216e9800, 0x0000013a216ed000,
0x0000013a216ef800, 0x0000013a216f0000, 0x0000013a216ea800, 0x0000013a1f032000,
0x0000013a1f02d800, 0x0000013a1f034800, 0x0000013a1f030000, 0x0000013a1f02f800,
0x0000013a1f02e800, 0x0000013a1f036000, 0x0000013a1f033800, 0x0000013a1f032800
}

Java Threads: ( => current thread )
  0x0000013a0344d000 JavaThread "main" [_thread_blocked, id=6964, stack(0x000000293ef00000,0x000000293f000000)]
  0x0000013a1e39b000 JavaThread "Reference Handler" daemon [_thread_blocked, id=11084, stack(0x000000293f600000,0x000000293f700000)]
  0x0000013a1e39e000 JavaThread "Finalizer" daemon [_thread_blocked, id=8688, stack(0x000000293f700000,0x000000293f800000)]
  0x0000013a1ed3a800 JavaThread "Signal Dispatcher" daemon [_thread_blocked, id=1828, stack(0x000000293f800000,0x000000293f900000)]
  0x0000013a1ed3b800 JavaThread "Attach Listener" daemon [_thread_blocked, id=4052, stack(0x000000293f900000,0x000000293fa00000)]
  0x0000013a1ed3d800 JavaThread "C2 CompilerThread0" daemon [_thread_blocked, id=6080, stack(0x000000293fa00000,0x000000293fb00000)]
  0x0000013a1ed40800 JavaThread "C1 CompilerThread0" daemon [_thread_blocked, id=10780, stack(0x000000293fb00000,0x000000293fc00000)]
  0x0000013a1e3bc000 JavaThread "Sweeper thread" daemon [_thread_blocked, id=7756, stack(0x000000293fc00000,0x000000293fd00000)]
  0x0000013a1eea7800 JavaThread "Common-Cleaner" daemon [_thread_blocked, id=10740, stack(0x000000293fd00000,0x000000293fe00000)]
  0x0000013a1eeca000 JavaThread "Service Thread" daemon [_thread_blocked, id=7624, stack(0x000000293fe00000,0x000000293ff00000)]
  0x0000013a21183000 JavaThread "Daemon health stats" [_thread_blocked, id=9360, stack(0x0000002940400000,0x0000002940500000)]
  0x0000013a20085800 JavaThread "Incoming local TCP Connector on port 53006" [_thread_in_native, id=9552, stack(0x0000002940600000,0x0000002940700000)]
  0x0000013a1fa71000 JavaThread "Daemon periodic checks" [_thread_blocked, id=8372, stack(0x0000002940700000,0x0000002940800000)]
  0x0000013a20b1c000 JavaThread "Daemon" [_thread_blocked, id=3984, stack(0x0000002940800000,0x0000002940900000)]
  0x0000013a20b1c800 JavaThread "Handler for socket connection from /127.0.0.1:53006 to /127.0.0.1:53007" [_thread_in_native, id=9764, stack(0x0000002940900000,0x0000002940a00000)]
  0x0000013a20b85800 JavaThread "Cancel handler" [_thread_blocked, id=9580, stack(0x0000002940a00000,0x0000002940b00000)]
  0x0000013a213fd000 JavaThread "Daemon worker" [_thread_in_native, id=10172, stack(0x0000002940b00000,0x0000002940c00000)]
  0x0000013a1f957000 JavaThread "Asynchronous log dispatcher for DefaultDaemonConnection: socket connection from /127.0.0.1:53006 to /127.0.0.1:53007" [_thread_blocked, id=1444, stack(0x0000002940c00000,0x0000002940d00000)]
  0x0000013a2102c800 JavaThread "Stdin handler" [_thread_blocked, id=9036, stack(0x0000002940d00000,0x0000002940e00000)]
  0x0000013a21987000 JavaThread "Thread-8" [_thread_blocked, id=2780, stack(0x0000002940e00000,0x0000002940f00000)]
  0x0000013a21059800 JavaThread "Cache worker for file hash cache (C:\Users\Win10_Game_OS\.gradle\caches\6.7.1\fileHashes)" [_thread_blocked, id=9120, stack(0x0000002941600000,0x0000002941700000)]
  0x0000013a2105a000 JavaThread "File lock request listener" [_thread_in_native, id=2444, stack(0x0000002941700000,0x0000002941800000)]
  0x0000013a21056000 JavaThread "Cache worker for journal cache (C:\Users\Win10_Game_OS\.gradle\caches\journal-1)" [_thread_blocked, id=11080, stack(0x0000002941a00000,0x0000002941b00000)]
  0x0000013a21054800 JavaThread "Cache worker for file hash cache (C:\Users\Win10_Game_OS\Desktop\UniversityKrasnodar\UniversityKrasnodar\.gradle\6.7.1\fileHashes)" [_thread_blocked, id=8380, stack(0x0000002941b00000,0x0000002941c00000)]
  0x0000013a21057000 JavaThread "Cache worker for checksums cache (C:\Users\Win10_Game_OS\Desktop\UniversityKrasnodar\UniversityKrasnodar\.gradle\checksums)" [_thread_blocked, id=8792, stack(0x0000002941c00000,0x0000002941d00000)]
  0x0000013a21057800 JavaThread "Cache worker for cache directory md-supplier (C:\Users\Win10_Game_OS\.gradle\caches\6.7.1\md-supplier)" [_thread_blocked, id=2804, stack(0x0000002941d00000,0x0000002941e00000)]
  0x0000013a21058800 JavaThread "Cache worker for cache directory md-rule (C:\Users\Win10_Game_OS\.gradle\caches\6.7.1\md-rule)" [_thread_blocked, id=5888, stack(0x0000002941e00000,0x0000002941f00000)]
  0x0000013a2105b000 JavaThread "Cache worker for execution history cache (C:\Users\Win10_Game_OS\.gradle\caches\6.7.1\executionHistory)" [_thread_blocked, id=5220, stack(0x0000002941f00000,0x0000002942000000)]
  0x0000013a21055800 JavaThread "jar transforms" [_thread_blocked, id=7080, stack(0x0000002942000000,0x0000002942100000)]
  0x0000013a226a3000 JavaThread "Cache worker for file content cache (C:\Users\Win10_Game_OS\.gradle\caches\6.7.1\fileContent)" [_thread_blocked, id=4572, stack(0x0000002942100000,0x0000002942200000)]
  0x0000013a226a4000 JavaThread "Cache worker for Build Output Cleanup Cache (C:\Users\Win10_Game_OS\Desktop\UniversityKrasnodar\UniversityKrasnodar\.gradle\buildOutputCleanup)" [_thread_blocked, id=10276, stack(0x0000002940500000,0x0000002940600000)]
  0x0000013a2269f000 JavaThread "Build operations" [_thread_blocked, id=8232, stack(0x0000002942200000,0x0000002942300000)]
  0x0000013a226a1800 JavaThread "Build operations Thread 2" [_thread_blocked, id=1616, stack(0x0000002942300000,0x0000002942400000)]
  0x0000013a226a5800 JavaThread "Build operations Thread 3" [_thread_blocked, id=6496, stack(0x0000002942400000,0x0000002942500000)]
  0x0000013a226a6800 JavaThread "Build operations Thread 4" [_thread_blocked, id=10020, stack(0x0000002942500000,0x0000002942600000)]
  0x0000013a226a0800 JavaThread "Build operations Thread 5" [_thread_blocked, id=8756, stack(0x0000002942600000,0x0000002942700000)]
  0x0000013a226ac000 JavaThread "Build operations Thread 6" [_thread_blocked, id=10576, stack(0x0000002942700000,0x0000002942800000)]
  0x0000013a226ad000 JavaThread "Build operations Thread 7" [_thread_blocked, id=10548, stack(0x0000002942800000,0x0000002942900000)]
  0x0000013a226a7000 JavaThread "Build operations Thread 8" [_thread_blocked, id=10580, stack(0x0000002942900000,0x0000002942a00000)]
  0x0000013a226ad800 JavaThread "Build operations Thread 9" [_thread_blocked, id=10588, stack(0x0000002942a00000,0x0000002942b00000)]
  0x0000013a226ab800 JavaThread "Build operations Thread 10" [_thread_blocked, id=10600, stack(0x0000002942b00000,0x0000002942c00000)]
  0x0000013a226a8000 JavaThread "Build operations Thread 11" [_thread_blocked, id=10592, stack(0x0000002942c00000,0x0000002942d00000)]
  0x0000013a226a9000 JavaThread "Build operations Thread 12" [_thread_blocked, id=10596, stack(0x0000002942d00000,0x0000002942e00000)]
=>0x0000013a21e33800 JavaThread "C2 CompilerThread1" daemon [_thread_in_native, id=10560, stack(0x0000002942e00000,0x0000002942f00000)]
  0x0000013a226a9800 JavaThread "jar transforms Thread 2" [_thread_blocked, id=10604, stack(0x0000002942f00000,0x0000002943000000)]
  0x0000013a226aa800 JavaThread "jar transforms Thread 3" [_thread_blocked, id=8656, stack(0x0000002943000000,0x0000002943100000)]
  0x0000013a20b48800 JavaThread "jar transforms Thread 4" [_thread_blocked, id=10568, stack(0x0000002943100000,0x0000002943200000)]
  0x0000013a20b46800 JavaThread "jar transforms Thread 5" [_thread_blocked, id=5668, stack(0x0000002943200000,0x0000002943300000)]
  0x0000013a20b4b000 JavaThread "jar transforms Thread 6" [_thread_blocked, id=1708, stack(0x0000002943300000,0x0000002943400000)]
  0x0000013a20b47000 JavaThread "jar transforms Thread 7" [_thread_blocked, id=7920, stack(0x0000002943400000,0x0000002943500000)]
  0x0000013a20b49800 JavaThread "jar transforms Thread 8" [_thread_blocked, id=7076, stack(0x0000002943500000,0x0000002943600000)]
  0x0000013a20b48000 JavaThread "jar transforms Thread 9" [_thread_blocked, id=7452, stack(0x0000002943600000,0x0000002943700000)]
  0x0000013a20b4a800 JavaThread "jar transforms Thread 10" [_thread_blocked, id=2484, stack(0x0000002943700000,0x0000002943800000)]
  0x0000013a20b45800 JavaThread "jar transforms Thread 11" [_thread_blocked, id=11068, stack(0x0000002943800000,0x0000002943900000)]
  0x0000013a20b4c000 JavaThread "jar transforms Thread 12" [_thread_blocked, id=6708, stack(0x0000002943900000,0x0000002943a00000)]
  0x0000013a23dd4800 JavaThread "jar transforms Thread 13" [_thread_blocked, id=11052, stack(0x0000002943a00000,0x0000002943b00000)]
  0x0000013a23dd3800 JavaThread "jar transforms Thread 14" [_thread_blocked, id=7944, stack(0x0000002943b00000,0x0000002943c00000)]
  0x0000013a23dd7800 JavaThread "jar transforms Thread 15" [_thread_blocked, id=5224, stack(0x0000002943c00000,0x0000002943d00000)]
  0x0000013a23dd7000 JavaThread "jar transforms Thread 16" [_thread_blocked, id=5804, stack(0x0000002943d00000,0x0000002943e00000)]
  0x0000013a23dd2800 JavaThread "jar transforms Thread 17" [_thread_blocked, id=10544, stack(0x0000002943e00000,0x0000002943f00000)]
  0x0000013a23dda000 JavaThread "jar transforms Thread 18" [_thread_blocked, id=3280, stack(0x0000002943f00000,0x0000002944000000)]
  0x0000013a23ddb000 JavaThread "jar transforms Thread 19" [_thread_blocked, id=11116, stack(0x0000002944000000,0x0000002944100000)]
  0x0000013a23dd5000 JavaThread "jar transforms Thread 20" [_thread_blocked, id=4376, stack(0x0000002944100000,0x0000002944200000)]
  0x0000013a23dd8800 JavaThread "jar transforms Thread 21" [_thread_blocked, id=4136, stack(0x0000002944200000,0x0000002944300000)]
  0x0000013a23ddb800 JavaThread "jar transforms Thread 22" [_thread_blocked, id=10120, stack(0x0000002944300000,0x0000002944400000)]
  0x0000013a23dd6000 JavaThread "jar transforms Thread 23" [_thread_blocked, id=5624, stack(0x0000002944400000,0x0000002944500000)]
  0x0000013a23dd9000 JavaThread "jar transforms Thread 24" [_thread_blocked, id=7424, stack(0x0000002944500000,0x0000002944600000)]
  0x0000013a23dde000 JavaThread "jar transforms Thread 25" [_thread_blocked, id=9336, stack(0x0000002944600000,0x0000002944700000)]
  0x0000013a23de0000 JavaThread "jar transforms Thread 26" [_thread_blocked, id=2492, stack(0x0000002944700000,0x0000002944800000)]
  0x0000013a23de0800 JavaThread "jar transforms Thread 27" [_thread_blocked, id=5300, stack(0x0000002944800000,0x0000002944900000)]
  0x0000013a23de1800 JavaThread "jar transforms Thread 28" [_thread_blocked, id=6552, stack(0x0000002944900000,0x0000002944a00000)]
  0x0000013a23ddf000 JavaThread "jar transforms Thread 29" [_thread_blocked, id=968, stack(0x0000002944a00000,0x0000002944b00000)]
  0x0000013a23ddc800 JavaThread "jar transforms Thread 30" [_thread_blocked, id=808, stack(0x0000002944b00000,0x0000002944c00000)]
  0x0000013a23ddd800 JavaThread "jar transforms Thread 31" [_thread_blocked, id=10808, stack(0x0000002944c00000,0x0000002944d00000)]
  0x0000013a23ce5000 JavaThread "jar transforms Thread 32" [_thread_blocked, id=11092, stack(0x0000002944d00000,0x0000002944e00000)]
  0x0000013a23ce2800 JavaThread "jar transforms Thread 33" [_thread_blocked, id=10424, stack(0x0000002944e00000,0x0000002944f00000)]
  0x0000013a23ce6000 JavaThread "jar transforms Thread 34" [_thread_blocked, id=1392, stack(0x0000002944f00000,0x0000002945000000)]
  0x0000013a23ce9000 JavaThread "jar transforms Thread 35" [_thread_blocked, id=10396, stack(0x0000002945000000,0x0000002945100000)]
  0x0000013a23ce4800 JavaThread "jar transforms Thread 36" [_thread_blocked, id=6232, stack(0x0000002945100000,0x0000002945200000)]
  0x0000013a23ce7000 JavaThread "jar transforms Thread 37" [_thread_blocked, id=8576, stack(0x0000002945200000,0x0000002945300000)]
  0x0000013a23ce3800 JavaThread "jar transforms Thread 38" [_thread_blocked, id=1504, stack(0x0000002945300000,0x0000002945400000)]
  0x0000013a23ceb800 JavaThread "jar transforms Thread 39" [_thread_blocked, id=2932, stack(0x0000002945400000,0x0000002945500000)]
  0x0000013a23ce8800 JavaThread "jar transforms Thread 40" [_thread_blocked, id=3512, stack(0x0000002945500000,0x0000002945600000)]
  0x0000013a23ce7800 JavaThread "jar transforms Thread 41" [_thread_blocked, id=8436, stack(0x0000002945600000,0x0000002945700000)]
  0x0000013a23cef000 JavaThread "jar transforms Thread 42" [_thread_blocked, id=9932, stack(0x0000002945700000,0x0000002945800000)]
  0x0000013a23cec800 JavaThread "jar transforms Thread 43" [_thread_blocked, id=6536, stack(0x0000002945800000,0x0000002945900000)]
  0x0000013a23cee000 JavaThread "jar transforms Thread 44" [_thread_blocked, id=6000, stack(0x0000002945900000,0x0000002945a00000)]
  0x0000013a23ced800 JavaThread "jar transforms Thread 45" [_thread_blocked, id=6140, stack(0x0000002945a00000,0x0000002945b00000)]
  0x0000013a23cf0000 JavaThread "jar transforms Thread 46" [_thread_blocked, id=5096, stack(0x0000002945b00000,0x0000002945c00000)]
  0x0000013a23cea000 JavaThread "jar transforms Thread 47" [_thread_blocked, id=4560, stack(0x0000002945c00000,0x0000002945d00000)]
  0x0000013a23cf0800 JavaThread "jar transforms Thread 48" [_thread_blocked, id=10500, stack(0x0000002945d00000,0x0000002945e00000)]
  0x0000013a23ceb000 JavaThread "jar transforms Thread 49" [_thread_blocked, id=7532, stack(0x0000002945e00000,0x0000002945f00000)]
  0x0000013a23cf1800 JavaThread "jar transforms Thread 50" [_thread_blocked, id=1364, stack(0x0000002945f00000,0x0000002946000000)]
  0x0000013a21581800 JavaThread "jar transforms Thread 51" [_thread_blocked, id=2212, stack(0x0000002946000000,0x0000002946100000)]
  0x0000013a21585800 JavaThread "jar transforms Thread 52" [_thread_blocked, id=10068, stack(0x0000002946100000,0x0000002946200000)]
  0x0000013a2157f800 JavaThread "jar transforms Thread 53" [_thread_blocked, id=9488, stack(0x0000002946200000,0x0000002946300000)]
  0x0000013a21586000 JavaThread "jar transforms Thread 54" [_thread_blocked, id=10628, stack(0x0000002946300000,0x0000002946400000)]
  0x0000013a21584800 JavaThread "jar transforms Thread 55" [_thread_blocked, id=2480, stack(0x0000002946400000,0x0000002946500000)]
  0x0000013a21584000 JavaThread "jar transforms Thread 56" [_thread_blocked, id=3156, stack(0x0000002946500000,0x0000002946600000)]
  0x0000013a21580800 JavaThread "jar transforms Thread 57" [_thread_blocked, id=3204, stack(0x0000002946600000,0x0000002946700000)]
  0x0000013a21587000 JavaThread "jar transforms Thread 58" [_thread_blocked, id=9740, stack(0x0000002946700000,0x0000002946800000)]
  0x0000013a21588000 JavaThread "jar transforms Thread 59" [_thread_blocked, id=2184, stack(0x0000002946800000,0x0000002946900000)]
  0x0000013a21583000 JavaThread "jar transforms Thread 60" [_thread_blocked, id=3716, stack(0x0000002946900000,0x0000002946a00000)]
  0x0000013a21582000 JavaThread "jar transforms Thread 61" [_thread_blocked, id=9864, stack(0x0000002946a00000,0x0000002946b00000)]
  0x0000013a2158d000 JavaThread "jar transforms Thread 62" [_thread_blocked, id=9980, stack(0x0000002946b00000,0x0000002946c00000)]
  0x0000013a2158c000 JavaThread "jar transforms Thread 63" [_thread_blocked, id=9860, stack(0x0000002946c00000,0x0000002946d00000)]
  0x0000013a2158d800 JavaThread "jar transforms Thread 64" [_thread_blocked, id=5032, stack(0x0000002946d00000,0x0000002946e00000)]
  0x0000013a21588800 JavaThread "jar transforms Thread 65" [_thread_blocked, id=2784, stack(0x0000002946e00000,0x0000002946f00000)]
  0x0000013a21589800 JavaThread "jar transforms Thread 66" [_thread_blocked, id=4212, stack(0x0000002946f00000,0x0000002947000000)]
  0x0000013a2158e800 JavaThread "jar transforms Thread 67" [_thread_blocked, id=4536, stack(0x0000002947000000,0x0000002947100000)]
  0x0000013a2158b000 JavaThread "jar transforms Thread 68" [_thread_blocked, id=2336, stack(0x0000002947100000,0x0000002947200000)]
  0x0000013a2158a800 JavaThread "jar transforms Thread 69" [_thread_blocked, id=5500, stack(0x0000002947200000,0x0000002947300000)]
  0x0000013a216e5000 JavaThread "jar transforms Thread 70" [_thread_blocked, id=804, stack(0x0000002947300000,0x0000002947400000)]
  0x0000013a216e1800 JavaThread "jar transforms Thread 71" [_thread_blocked, id=2204, stack(0x0000002947400000,0x0000002947500000)]
  0x0000013a216e3000 JavaThread "jar transforms Thread 72" [_thread_blocked, id=8060, stack(0x0000002947500000,0x0000002947600000)]
  0x0000013a216e7000 JavaThread "jar transforms Thread 73" [_thread_blocked, id=11004, stack(0x0000002947600000,0x0000002947700000)]
  0x0000013a216e8000 JavaThread "jar transforms Thread 74" [_thread_blocked, id=7664, stack(0x0000002947700000,0x0000002947800000)]
  0x0000013a216e2800 JavaThread "jar transforms Thread 75" [_thread_blocked, id=6120, stack(0x0000002947800000,0x0000002947900000)]
  0x0000013a216e5800 JavaThread "jar transforms Thread 76" [_thread_blocked, id=8248, stack(0x0000002947900000,0x0000002947a00000)]
  0x0000013a216e9000 JavaThread "jar transforms Thread 77" [_thread_blocked, id=2672, stack(0x0000002947a00000,0x0000002947b00000)]
  0x0000013a216e6800 JavaThread "jar transforms Thread 78" [_thread_blocked, id=876, stack(0x0000002947b00000,0x0000002947c00000)]
  0x0000013a216e4000 JavaThread "jar transforms Thread 79" [_thread_blocked, id=6900, stack(0x0000002947c00000,0x0000002947d00000)]
  0x0000013a216ec000 JavaThread "jar transforms Thread 80" [_thread_blocked, id=8912, stack(0x0000002947d00000,0x0000002947e00000)]
  0x0000013a216ee800 JavaThread "jar transforms Thread 81" [_thread_blocked, id=1212, stack(0x0000002947e00000,0x0000002947f00000)]
  0x0000013a216eb800 JavaThread "jar transforms Thread 82" [_thread_blocked, id=7112, stack(0x0000002947f00000,0x0000002948000000)]
  0x0000013a216ee000 JavaThread "jar transforms Thread 83" [_thread_blocked, id=10812, stack(0x0000002948000000,0x0000002948100000)]
  0x0000013a216e9800 JavaThread "jar transforms Thread 84" [_thread_blocked, id=6976, stack(0x0000002948100000,0x0000002948200000)]
  0x0000013a216ed000 JavaThread "jar transforms Thread 85" [_thread_blocked, id=2652, stack(0x0000002948200000,0x0000002948300000)]
  0x0000013a216ef800 JavaThread "jar transforms Thread 86" [_thread_blocked, id=9324, stack(0x0000002948300000,0x0000002948400000)]
  0x0000013a216f0000 JavaThread "jar transforms Thread 87" [_thread_blocked, id=9312, stack(0x0000002948400000,0x0000002948500000)]
  0x0000013a216ea800 JavaThread "jar transforms Thread 88" [_thread_blocked, id=1732, stack(0x0000002948500000,0x0000002948600000)]
  0x0000013a1f032000 JavaThread "jar transforms Thread 89" [_thread_blocked, id=6108, stack(0x0000002948600000,0x0000002948700000)]
  0x0000013a1f02d800 JavaThread "jar transforms Thread 90" [_thread_blocked, id=3500, stack(0x0000002948700000,0x0000002948800000)]
  0x0000013a1f034800 JavaThread "jar transforms Thread 91" [_thread_blocked, id=7844, stack(0x0000002948800000,0x0000002948900000)]
  0x0000013a1f030000 JavaThread "jar transforms Thread 92" [_thread_blocked, id=11100, stack(0x0000002948900000,0x0000002948a00000)]
  0x0000013a1f02f800 JavaThread "jar transforms Thread 93" [_thread_blocked, id=4596, stack(0x0000002948a00000,0x0000002948b00000)]
  0x0000013a1f02e800 JavaThread "jar transforms Thread 94" [_thread_blocked, id=1492, stack(0x0000002948b00000,0x0000002948c00000)]
  0x0000013a1f036000 JavaThread "jar transforms Thread 95" [_thread_blocked, id=7584, stack(0x0000002948c00000,0x0000002948d00000)]
  0x0000013a1f033800 JavaThread "jar transforms Thread 96" [_thread_blocked, id=8872, stack(0x0000002948d00000,0x0000002948e00000)]
  0x0000013a1f032800 JavaThread "jar transforms Thread 97" [_thread_blocked, id=10828, stack(0x0000002948e00000,0x0000002948f00000)]

Other Threads:
  0x0000013a1e399000 VMThread "VM Thread" [stack: 0x000000293f500000,0x000000293f600000] [id=1200]
  0x0000013a1eecd000 WatcherThread [stack: 0x000000293ff00000,0x0000002940000000] [id=7672]
  0x0000013a03463800 GCTaskThread "GC Thread#0" [stack: 0x000000293f000000,0x000000293f100000] [id=8780]
  0x0000013a1fcd6000 GCTaskThread "GC Thread#1" [stack: 0x0000002940200000,0x0000002940300000] [id=424]
  0x0000013a1f965000 GCTaskThread "GC Thread#2" [stack: 0x0000002940300000,0x0000002940400000] [id=4620]
  0x0000013a1ff61800 GCTaskThread "GC Thread#3" [stack: 0x0000002940f00000,0x0000002941000000] [id=8680]
  0x0000013a1fdf3800 GCTaskThread "GC Thread#4" [stack: 0x0000002941000000,0x0000002941100000] [id=9612]
  0x0000013a20147000 GCTaskThread "GC Thread#5" [stack: 0x0000002941100000,0x0000002941200000] [id=7220]
  0x0000013a21415000 GCTaskThread "GC Thread#6" [stack: 0x0000002941200000,0x0000002941300000] [id=5328]
  0x0000013a1ff43800 GCTaskThread "GC Thread#7" [stack: 0x0000002941300000,0x0000002941400000] [id=1884]
  0x0000013a21511000 GCTaskThread "GC Thread#8" [stack: 0x0000002941400000,0x0000002941500000] [id=3132]
  0x0000013a21552000 GCTaskThread "GC Thread#9" [stack: 0x0000002941500000,0x0000002941600000] [id=9000]
  0x0000013a03495000 ConcurrentGCThread "G1 Main Marker" [stack: 0x000000293f100000,0x000000293f200000] [id=2896]
  0x0000013a03497800 ConcurrentGCThread "G1 Conc#0" [stack: 0x000000293f200000,0x000000293f300000] [id=5572]
  0x0000013a21cf7000 ConcurrentGCThread "G1 Conc#1" [stack: 0x0000002941800000,0x0000002941900000] [id=7800]
  0x0000013a21cf8000 ConcurrentGCThread "G1 Conc#2" [stack: 0x0000002941900000,0x0000002941a00000] [id=3088]
  0x0000013a1e1e2800 ConcurrentGCThread "G1 Refine#0" [stack: 0x000000293f300000,0x000000293f400000] [id=3300]
  0x0000013a1e1e3000 ConcurrentGCThread "G1 Young RemSet Sampling" [stack: 0x000000293f400000,0x000000293f500000] [id=9052]

Threads with active compile tasks:
C2 CompilerThread1  16271 4273       4       java.util.zip.ZipFile$Source::initCEN (658 bytes)

VM state:not at safepoint (normal execution)

VM Mutex/Monitor currently owned by a thread: None

OutOfMemory and StackOverflow Exception counts:
OutOfMemoryError java_heap_errors=5
LinkageErrors=81

Heap address: 0x0000000080000000, size: 2048 MB, Compressed Oops mode: 32-bit
Narrow klass base: 0x0000000000000000, Narrow klass shift: 3
Compressed class space size: 1073741824 Address: 0x0000000100000000

Heap:
 garbage-first heap   total 155648K, used 31785K [0x0000000080000000, 0x0000000100000000)
  region size 1024K, 10 young (10240K), 8 survivors (8192K)
 Metaspace       used 44764K, capacity 45958K, committed 46208K, reserved 1089536K
  class space    used 5752K, capacity 6147K, committed 6272K, reserved 1048576K
Heap Regions: E=young(eden), S=young(survivor), O=old, HS=humongous(starts), HC=humongous(continues), CS=collection set, F=free, A=archive, TAMS=top-at-mark-start (previous, next)
|   0|0x0000000080000000, 0x0000000080100000, 0x0000000080100000|100%| O|  |TAMS 0x0000000080100000, 0x0000000080000000| Untracked 
|   1|0x0000000080100000, 0x0000000080200000, 0x0000000080200000|100%| O|  |TAMS 0x0000000080200000, 0x0000000080100000| Untracked 
|   2|0x0000000080200000, 0x0000000080300000, 0x0000000080300000|100%| O|  |TAMS 0x0000000080300000, 0x0000000080200000| Untracked 
|   3|0x0000000080300000, 0x0000000080400000, 0x0000000080400000|100%|HS|  |TAMS 0x0000000080400000, 0x0000000080300000| Complete 
|   4|0x0000000080400000, 0x0000000080500000, 0x0000000080500000|100%|HC|  |TAMS 0x0000000080500000, 0x0000000080400000| Complete 
|   5|0x0000000080500000, 0x0000000080600000, 0x0000000080600000|100%|HC|  |TAMS 0x0000000080600000, 0x0000000080500000| Complete 
|   6|0x0000000080600000, 0x0000000080700000, 0x0000000080700000|100%| O|  |TAMS 0x0000000080700000, 0x0000000080600000| Untracked 
|   7|0x0000000080700000, 0x0000000080800000, 0x0000000080800000|100%| O|  |TAMS 0x0000000080800000, 0x0000000080700000| Untracked 
|   8|0x0000000080800000, 0x0000000080900000, 0x0000000080900000|100%| O|  |TAMS 0x0000000080900000, 0x0000000080800000| Untracked 
|   9|0x0000000080900000, 0x0000000080a00000, 0x0000000080a00000|100%| O|  |TAMS 0x0000000080a00000, 0x0000000080900000| Untracked 
|  10|0x0000000080a00000, 0x0000000080b00000, 0x0000000080b00000|100%| O|  |TAMS 0x0000000080b00000, 0x0000000080a00000| Untracked 
|  11|0x0000000080b00000, 0x0000000080c00000, 0x0000000080c00000|100%| O|  |TAMS 0x0000000080c00000, 0x0000000080b00000| Untracked 
|  12|0x0000000080c00000, 0x0000000080d00000, 0x0000000080d00000|100%| O|  |TAMS 0x0000000080d00000, 0x0000000080c00000| Untracked 
|  13|0x0000000080d00000, 0x0000000080e00000, 0x0000000080e00000|100%| O|  |TAMS 0x0000000080e00000, 0x0000000080d00000| Untracked 
|  14|0x0000000080e00000, 0x0000000080f00000, 0x0000000080f00000|100%| O|  |TAMS 0x0000000080f00000, 0x0000000080e00000| Untracked 
|  15|0x0000000080f00000, 0x0000000081000000, 0x0000000081000000|100%| O|  |TAMS 0x0000000080f71e00, 0x0000000080f00000| Untracked 
|  16|0x0000000081000000, 0x0000000081100000, 0x0000000081100000|100%|HS|  |TAMS 0x0000000081000000, 0x0000000081000000| Complete 
|  17|0x0000000081100000, 0x0000000081200000, 0x0000000081200000|100%| O|  |TAMS 0x0000000081100000, 0x0000000081100000| Untracked 
|  18|0x0000000081200000, 0x0000000081300000, 0x0000000081300000|100%| O|  |TAMS 0x0000000081200000, 0x0000000081200000| Untracked 
|  19|0x0000000081300000, 0x0000000081313400, 0x0000000081400000|  7%| O|  |TAMS 0x0000000081300000, 0x0000000081300000| Untracked 
|  20|0x0000000081400000, 0x0000000081500000, 0x0000000081500000|100%| O|  |TAMS 0x0000000081400000, 0x0000000081400000| Untracked 
|  21|0x0000000081500000, 0x0000000081600000, 0x0000000081600000|100%| O|  |TAMS 0x0000000081500000, 0x0000000081500000| Untracked 
|  22|0x0000000081600000, 0x0000000081700000, 0x0000000081700000|100%| O|  |TAMS 0x0000000081600000, 0x0000000081600000| Untracked 
|  23|0x0000000081700000, 0x0000000081700000, 0x0000000081800000|  0%| F|  |TAMS 0x0000000081700000, 0x0000000081700000| Untracked 
|  24|0x0000000081800000, 0x0000000081800000, 0x0000000081900000|  0%| F|  |TAMS 0x0000000081800000, 0x0000000081800000| Untracked 
|  25|0x0000000081900000, 0x0000000081900000, 0x0000000081a00000|  0%| F|  |TAMS 0x0000000081900000, 0x0000000081900000| Untracked 
|  26|0x0000000081a00000, 0x0000000081a00000, 0x0000000081b00000|  0%| F|  |TAMS 0x0000000081a00000, 0x0000000081a00000| Untracked 
|  27|0x0000000081b00000, 0x0000000081b00000, 0x0000000081c00000|  0%| F|  |TAMS 0x0000000081b00000, 0x0000000081b00000| Untracked 
|  28|0x0000000081c00000, 0x0000000081c00000, 0x0000000081d00000|  0%| F|  |TAMS 0x0000000081c00000, 0x0000000081c00000| Untracked 
|  29|0x0000000081d00000, 0x0000000081d00000, 0x0000000081e00000|  0%| F|  |TAMS 0x0000000081d00000, 0x0000000081d00000| Untracked 
|  30|0x0000000081e00000, 0x0000000081e00000, 0x0000000081f00000|  0%| F|  |TAMS 0x0000000081e00000, 0x0000000081e00000| Untracked 
|  31|0x0000000081f00000, 0x0000000081f00000, 0x0000000082000000|  0%| F|  |TAMS 0x0000000081f00000, 0x0000000081f00000| Untracked 
|  32|0x0000000082000000, 0x0000000082000000, 0x0000000082100000|  0%| F|  |TAMS 0x0000000082000000, 0x0000000082000000| Untracked 
|  33|0x0000000082100000, 0x0000000082100000, 0x0000000082200000|  0%| F|  |TAMS 0x0000000082100000, 0x0000000082100000| Untracked 
|  34|0x0000000082200000, 0x0000000082200000, 0x0000000082300000|  0%| F|  |TAMS 0x0000000082200000, 0x0000000082200000| Untracked 
|  35|0x0000000082300000, 0x0000000082300000, 0x0000000082400000|  0%| F|  |TAMS 0x0000000082300000, 0x0000000082300000| Untracked 
|  36|0x0000000082400000, 0x0000000082400000, 0x0000000082500000|  0%| F|  |TAMS 0x0000000082400000, 0x0000000082400000| Untracked 
|  37|0x0000000082500000, 0x0000000082500000, 0x0000000082600000|  0%| F|  |TAMS 0x0000000082500000, 0x0000000082500000| Untracked 
|  38|0x0000000082600000, 0x0000000082600000, 0x0000000082700000|  0%| F|  |TAMS 0x0000000082600000, 0x0000000082600000| Untracked 
|  39|0x0000000082700000, 0x0000000082700000, 0x0000000082800000|  0%| F|  |TAMS 0x0000000082700000, 0x0000000082700000| Untracked 
|  40|0x0000000082800000, 0x0000000082800000, 0x0000000082900000|  0%| F|  |TAMS 0x0000000082800000, 0x0000000082800000| Untracked 
|  41|0x0000000082900000, 0x0000000082900000, 0x0000000082a00000|  0%| F|  |TAMS 0x0000000082900000, 0x0000000082900000| Untracked 
|  42|0x0000000082a00000, 0x0000000082a00000, 0x0000000082b00000|  0%| F|  |TAMS 0x0000000082a00000, 0x0000000082a00000| Untracked 
|  43|0x0000000082b00000, 0x0000000082b00000, 0x0000000082c00000|  0%| F|  |TAMS 0x0000000082b00000, 0x0000000082b00000| Untracked 
|  44|0x0000000082c00000, 0x0000000082c00000, 0x0000000082d00000|  0%| F|  |TAMS 0x0000000082c00000, 0x0000000082c00000| Untracked 
|  45|0x0000000082d00000, 0x0000000082d00000, 0x0000000082e00000|  0%| F|  |TAMS 0x0000000082d00000, 0x0000000082d00000| Untracked 
|  46|0x0000000082e00000, 0x0000000082e00000, 0x0000000082f00000|  0%| F|  |TAMS 0x0000000082e00000, 0x0000000082e00000| Untracked 
|  47|0x0000000082f00000, 0x0000000082f00000, 0x0000000083000000|  0%| F|  |TAMS 0x0000000082f00000, 0x0000000082f00000| Untracked 
|  48|0x0000000083000000, 0x0000000083000000, 0x0000000083100000|  0%| F|  |TAMS 0x0000000083000000, 0x0000000083000000| Untracked 
|  49|0x0000000083100000, 0x0000000083100000, 0x0000000083200000|  0%| F|  |TAMS 0x0000000083100000, 0x0000000083100000| Untracked 
|  50|0x0000000083200000, 0x0000000083200000, 0x0000000083300000|  0%| F|  |TAMS 0x0000000083200000, 0x0000000083200000| Untracked 
|  51|0x0000000083300000, 0x0000000083300000, 0x0000000083400000|  0%| F|  |TAMS 0x0000000083300000, 0x0000000083300000| Untracked 
|  52|0x0000000083400000, 0x0000000083400000, 0x0000000083500000|  0%| F|  |TAMS 0x0000000083400000, 0x0000000083400000| Untracked 
|  53|0x0000000083500000, 0x0000000083500000, 0x0000000083600000|  0%| F|  |TAMS 0x0000000083500000, 0x0000000083500000| Untracked 
|  54|0x0000000083600000, 0x0000000083600000, 0x0000000083700000|  0%| F|  |TAMS 0x0000000083600000, 0x0000000083600000| Untracked 
|  55|0x0000000083700000, 0x0000000083700000, 0x0000000083800000|  0%| F|  |TAMS 0x0000000083700000, 0x0000000083700000| Untracked 
|  56|0x0000000083800000, 0x0000000083800000, 0x0000000083900000|  0%| F|  |TAMS 0x0000000083800000, 0x0000000083800000| Untracked 
|  57|0x0000000083900000, 0x0000000083900000, 0x0000000083a00000|  0%| F|  |TAMS 0x0000000083900000, 0x0000000083900000| Untracked 
|  58|0x0000000083a00000, 0x0000000083a00000, 0x0000000083b00000|  0%| F|  |TAMS 0x0000000083a00000, 0x0000000083a00000| Untracked 
|  59|0x0000000083b00000, 0x0000000083b00000, 0x0000000083c00000|  0%| F|  |TAMS 0x0000000083b00000, 0x0000000083b00000| Untracked 
|  60|0x0000000083c00000, 0x0000000083c00000, 0x0000000083d00000|  0%| F|  |TAMS 0x0000000083c00000, 0x0000000083c00000| Untracked 
|  61|0x0000000083d00000, 0x0000000083d00000, 0x0000000083e00000|  0%| F|  |TAMS 0x0000000083d00000, 0x0000000083d00000| Untracked 
|  62|0x0000000083e00000, 0x0000000083e00000, 0x0000000083f00000|  0%| F|  |TAMS 0x0000000083e00000, 0x0000000083e00000| Untracked 
|  63|0x0000000083f00000, 0x0000000083f00000, 0x0000000084000000|  0%| F|  |TAMS 0x0000000083f00000, 0x0000000083f00000| Untracked 
|  64|0x0000000084000000, 0x0000000084000000, 0x0000000084100000|  0%| F|  |TAMS 0x0000000084000000, 0x0000000084000000| Untracked 
|  65|0x0000000084100000, 0x0000000084100000, 0x0000000084200000|  0%| F|  |TAMS 0x0000000084100000, 0x0000000084100000| Untracked 
|  66|0x0000000084200000, 0x0000000084200000, 0x0000000084300000|  0%| F|  |TAMS 0x0000000084200000, 0x0000000084200000| Untracked 
|  67|0x0000000084300000, 0x0000000084300000, 0x0000000084400000|  0%| F|  |TAMS 0x0000000084300000, 0x0000000084300000| Untracked 
|  68|0x0000000084400000, 0x0000000084400000, 0x0000000084500000|  0%| F|  |TAMS 0x0000000084400000, 0x0000000084400000| Untracked 
|  69|0x0000000084500000, 0x0000000084500000, 0x0000000084600000|  0%| F|  |TAMS 0x0000000084500000, 0x0000000084500000| Untracked 
|  70|0x0000000084600000, 0x0000000084600000, 0x0000000084700000|  0%| F|  |TAMS 0x0000000084600000, 0x0000000084600000| Untracked 
|  71|0x0000000084700000, 0x0000000084700000, 0x0000000084800000|  0%| F|  |TAMS 0x0000000084700000, 0x0000000084700000| Untracked 
|  72|0x0000000084800000, 0x0000000084800000, 0x0000000084900000|  0%| F|  |TAMS 0x0000000084800000, 0x0000000084800000| Untracked 
|  73|0x0000000084900000, 0x0000000084900000, 0x0000000084a00000|  0%| F|  |TAMS 0x0000000084900000, 0x0000000084900000| Untracked 
|  74|0x0000000084a00000, 0x0000000084af7140, 0x0000000084b00000| 96%| S|CS|TAMS 0x0000000084a00000, 0x0000000084a00000| Complete 
|  75|0x0000000084b00000, 0x0000000084c00000, 0x0000000084c00000|100%| S|CS|TAMS 0x0000000084b00000, 0x0000000084b00000| Complete 
|  76|0x0000000084c00000, 0x0000000084d00000, 0x0000000084d00000|100%| S|CS|TAMS 0x0000000084c00000, 0x0000000084c00000| Complete 
|  77|0x0000000084d00000, 0x0000000084e00000, 0x0000000084e00000|100%| S|CS|TAMS 0x0000000084d00000, 0x0000000084d00000| Complete 
|  78|0x0000000084e00000, 0x0000000084f00000, 0x0000000084f00000|100%| S|CS|TAMS 0x0000000084e00000, 0x0000000084e00000| Complete 
|  79|0x0000000084f00000, 0x0000000085000000, 0x0000000085000000|100%| S|CS|TAMS 0x0000000084f00000, 0x0000000084f00000| Complete 
|  80|0x0000000085000000, 0x0000000085100000, 0x0000000085100000|100%| S|CS|TAMS 0x0000000085000000, 0x0000000085000000| Complete 
|  81|0x0000000085100000, 0x0000000085200000, 0x0000000085200000|100%| S|CS|TAMS 0x0000000085100000, 0x0000000085100000| Complete 
|  82|0x0000000085200000, 0x0000000085200000, 0x0000000085300000|  0%| F|  |TAMS 0x0000000085200000, 0x0000000085200000| Untracked 
|  83|0x0000000085300000, 0x0000000085300000, 0x0000000085400000|  0%| F|  |TAMS 0x0000000085300000, 0x0000000085300000| Untracked 
|  84|0x0000000085400000, 0x0000000085400000, 0x0000000085500000|  0%| F|  |TAMS 0x0000000085400000, 0x0000000085400000| Untracked 
|  85|0x0000000085500000, 0x0000000085500000, 0x0000000085600000|  0%| F|  |TAMS 0x0000000085500000, 0x0000000085500000| Untracked 
|  86|0x0000000085600000, 0x0000000085600000, 0x0000000085700000|  0%| F|  |TAMS 0x0000000085600000, 0x0000000085600000| Untracked 
|  87|0x0000000085700000, 0x0000000085700000, 0x0000000085800000|  0%| F|  |TAMS 0x0000000085700000, 0x0000000085700000| Untracked 
|  88|0x0000000085800000, 0x0000000085800000, 0x0000000085900000|  0%| F|  |TAMS 0x0000000085800000, 0x0000000085800000| Untracked 
|  89|0x0000000085900000, 0x0000000085900000, 0x0000000085a00000|  0%| F|  |TAMS 0x0000000085900000, 0x0000000085900000| Untracked 
|  90|0x0000000085a00000, 0x0000000085a00000, 0x0000000085b00000|  0%| F|  |TAMS 0x0000000085a00000, 0x0000000085a00000| Untracked 
|  91|0x0000000085b00000, 0x0000000085b00000, 0x0000000085c00000|  0%| F|  |TAMS 0x0000000085b00000, 0x0000000085b00000| Untracked 
|  92|0x0000000085c00000, 0x0000000085c00000, 0x0000000085d00000|  0%| F|  |TAMS 0x0000000085c00000, 0x0000000085c00000| Untracked 
|  93|0x0000000085d00000, 0x0000000085d00000, 0x0000000085e00000|  0%| F|  |TAMS 0x0000000085d00000, 0x0000000085d00000| Untracked 
|  94|0x0000000085e00000, 0x0000000085e00000, 0x0000000085f00000|  0%| F|  |TAMS 0x0000000085e00000, 0x0000000085e00000| Untracked 
|  95|0x0000000085f00000, 0x0000000085f00000, 0x0000000086000000|  0%| F|  |TAMS 0x0000000085f00000, 0x0000000085f00000| Untracked 
|  96|0x0000000086000000, 0x0000000086000000, 0x0000000086100000|  0%| F|  |TAMS 0x0000000086000000, 0x0000000086000000| Untracked 
|  97|0x0000000086100000, 0x0000000086100000, 0x0000000086200000|  0%| F|  |TAMS 0x0000000086100000, 0x0000000086100000| Untracked 
|  98|0x0000000086200000, 0x0000000086200000, 0x0000000086300000|  0%| F|  |TAMS 0x0000000086200000, 0x0000000086200000| Untracked 
|  99|0x0000000086300000, 0x0000000086300000, 0x0000000086400000|  0%| F|  |TAMS 0x0000000086300000, 0x0000000086300000| Untracked 
| 100|0x0000000086400000, 0x0000000086400000, 0x0000000086500000|  0%| F|  |TAMS 0x0000000086400000, 0x0000000086400000| Untracked 
| 101|0x0000000086500000, 0x0000000086500000, 0x0000000086600000|  0%| F|  |TAMS 0x0000000086500000, 0x0000000086500000| Untracked 
| 102|0x0000000086600000, 0x0000000086600000, 0x0000000086700000|  0%| F|  |TAMS 0x0000000086600000, 0x0000000086600000| Untracked 
| 103|0x0000000086700000, 0x0000000086700000, 0x0000000086800000|  0%| F|  |TAMS 0x0000000086700000, 0x0000000086700000| Untracked 
| 104|0x0000000086800000, 0x0000000086800000, 0x0000000086900000|  0%| F|  |TAMS 0x0000000086800000, 0x0000000086800000| Untracked 
| 105|0x0000000086900000, 0x0000000086900000, 0x0000000086a00000|  0%| F|  |TAMS 0x0000000086900000, 0x0000000086900000| Untracked 
| 106|0x0000000086a00000, 0x0000000086a00000, 0x0000000086b00000|  0%| F|  |TAMS 0x0000000086a00000, 0x0000000086a00000| Untracked 
| 107|0x0000000086b00000, 0x0000000086b00000, 0x0000000086c00000|  0%| F|  |TAMS 0x0000000086b00000, 0x0000000086b00000| Untracked 
| 108|0x0000000086c00000, 0x0000000086c00000, 0x0000000086d00000|  0%| F|  |TAMS 0x0000000086c00000, 0x0000000086c00000| Untracked 
| 109|0x0000000086d00000, 0x0000000086d00000, 0x0000000086e00000|  0%| F|  |TAMS 0x0000000086d00000, 0x0000000086d00000| Untracked 
| 110|0x0000000086e00000, 0x0000000086e00000, 0x0000000086f00000|  0%| F|  |TAMS 0x0000000086e00000, 0x0000000086e00000| Untracked 
| 111|0x0000000086f00000, 0x0000000086f00000, 0x0000000087000000|  0%| F|  |TAMS 0x0000000086f00000, 0x0000000086f00000| Untracked 
| 112|0x0000000087000000, 0x0000000087000000, 0x0000000087100000|  0%| F|  |TAMS 0x0000000087000000, 0x0000000087000000| Untracked 
| 113|0x0000000087100000, 0x0000000087100000, 0x0000000087200000|  0%| F|  |TAMS 0x0000000087100000, 0x0000000087100000| Untracked 
| 114|0x0000000087200000, 0x0000000087200000, 0x0000000087300000|  0%| F|  |TAMS 0x0000000087200000, 0x0000000087200000| Untracked 
| 115|0x0000000087300000, 0x0000000087300000, 0x0000000087400000|  0%| F|  |TAMS 0x0000000087300000, 0x0000000087300000| Untracked 
| 116|0x0000000087400000, 0x0000000087400000, 0x0000000087500000|  0%| F|  |TAMS 0x0000000087400000, 0x0000000087400000| Untracked 
| 117|0x0000000087500000, 0x0000000087500000, 0x0000000087600000|  0%| F|  |TAMS 0x0000000087500000, 0x0000000087500000| Untracked 
| 118|0x0000000087600000, 0x0000000087600000, 0x0000000087700000|  0%| F|  |TAMS 0x0000000087600000, 0x0000000087600000| Untracked 
| 119|0x0000000087700000, 0x0000000087700000, 0x0000000087800000|  0%| F|  |TAMS 0x0000000087700000, 0x0000000087700000| Untracked 
| 120|0x0000000087800000, 0x0000000087800000, 0x0000000087900000|  0%| F|  |TAMS 0x0000000087800000, 0x0000000087800000| Untracked 
| 121|0x0000000087900000, 0x0000000087900000, 0x0000000087a00000|  0%| F|  |TAMS 0x0000000087900000, 0x0000000087900000| Untracked 
| 122|0x0000000087a00000, 0x0000000087a00000, 0x0000000087b00000|  0%| F|  |TAMS 0x0000000087a00000, 0x0000000087a00000| Untracked 
| 123|0x0000000087b00000, 0x0000000087b00000, 0x0000000087c00000|  0%| F|  |TAMS 0x0000000087b00000, 0x0000000087b00000| Untracked 
| 124|0x0000000087c00000, 0x0000000087c00000, 0x0000000087d00000|  0%| F|  |TAMS 0x0000000087c00000, 0x0000000087c00000| Untracked 
| 125|0x0000000087d00000, 0x0000000087d00000, 0x0000000087e00000|  0%| F|  |TAMS 0x0000000087d00000, 0x0000000087d00000| Untracked 
| 126|0x0000000087e00000, 0x0000000087e00000, 0x0000000087f00000|  0%| F|  |TAMS 0x0000000087e00000, 0x0000000087e00000| Untracked 
| 127|0x0000000087f00000, 0x0000000087f00000, 0x0000000088000000|  0%| F|  |TAMS 0x0000000087f00000, 0x0000000087f00000| Untracked 
| 128|0x0000000088000000, 0x0000000088000000, 0x0000000088100000|  0%| F|  |TAMS 0x0000000088000000, 0x0000000088000000| Untracked 
| 129|0x0000000088100000, 0x0000000088100000, 0x0000000088200000|  0%| F|  |TAMS 0x0000000088100000, 0x0000000088100000| Untracked 
| 130|0x0000000088200000, 0x0000000088200000, 0x0000000088300000|  0%| F|  |TAMS 0x0000000088200000, 0x0000000088200000| Untracked 
| 131|0x0000000088300000, 0x0000000088300000, 0x0000000088400000|  0%| F|  |TAMS 0x0000000088300000, 0x0000000088300000| Untracked 
| 132|0x0000000088400000, 0x0000000088400000, 0x0000000088500000|  0%| F|  |TAMS 0x0000000088400000, 0x0000000088400000| Untracked 
| 133|0x0000000088500000, 0x0000000088500000, 0x0000000088600000|  0%| F|  |TAMS 0x0000000088500000, 0x0000000088500000| Untracked 
| 134|0x0000000088600000, 0x0000000088600000, 0x0000000088700000|  0%| F|  |TAMS 0x0000000088600000, 0x0000000088600000| Untracked 
| 135|0x0000000088700000, 0x0000000088700000, 0x0000000088800000|  0%| F|  |TAMS 0x0000000088700000, 0x0000000088700000| Untracked 
| 136|0x0000000088800000, 0x0000000088800000, 0x0000000088900000|  0%| F|  |TAMS 0x0000000088800000, 0x0000000088800000| Untracked 
| 137|0x0000000088900000, 0x0000000088900000, 0x0000000088a00000|  0%| F|  |TAMS 0x0000000088900000, 0x0000000088900000| Untracked 
| 138|0x0000000088a00000, 0x0000000088a00000, 0x0000000088b00000|  0%| F|  |TAMS 0x0000000088a00000, 0x0000000088a00000| Untracked 
| 139|0x0000000088b00000, 0x0000000088b00000, 0x0000000088c00000|  0%| F|  |TAMS 0x0000000088b00000, 0x0000000088b00000| Untracked 
| 140|0x0000000088c00000, 0x0000000088c00000, 0x0000000088d00000|  0%| F|  |TAMS 0x0000000088c00000, 0x0000000088c00000| Untracked 
| 141|0x0000000088d00000, 0x0000000088d00000, 0x0000000088e00000|  0%| F|  |TAMS 0x0000000088d00000, 0x0000000088d00000| Untracked 
| 142|0x0000000088e00000, 0x0000000088e00000, 0x0000000088f00000|  0%| F|  |TAMS 0x0000000088e00000, 0x0000000088e00000| Untracked 
| 143|0x0000000088f00000, 0x0000000088f00000, 0x0000000089000000|  0%| F|  |TAMS 0x0000000088f00000, 0x0000000088f00000| Untracked 
| 144|0x0000000089000000, 0x0000000089000000, 0x0000000089100000|  0%| F|  |TAMS 0x0000000089000000, 0x0000000089000000| Untracked 
| 145|0x0000000089100000, 0x0000000089100000, 0x0000000089200000|  0%| F|  |TAMS 0x0000000089100000, 0x0000000089100000| Untracked 
| 146|0x0000000089200000, 0x0000000089200000, 0x0000000089300000|  0%| F|  |TAMS 0x0000000089200000, 0x0000000089200000| Untracked 
| 147|0x0000000089300000, 0x0000000089300000, 0x0000000089400000|  0%| F|  |TAMS 0x0000000089300000, 0x0000000089300000| Untracked 
| 148|0x0000000089400000, 0x0000000089400000, 0x0000000089500000|  0%| F|  |TAMS 0x0000000089400000, 0x0000000089400000| Untracked 
| 149|0x0000000089500000, 0x0000000089500000, 0x0000000089600000|  0%| F|  |TAMS 0x0000000089500000, 0x0000000089500000| Untracked 
| 150|0x0000000089600000, 0x000000008960ca18, 0x0000000089700000|  4%| E|  |TAMS 0x0000000089600000, 0x0000000089600000| Complete 
| 151|0x0000000089700000, 0x0000000089800000, 0x0000000089800000|100%| E|CS|TAMS 0x0000000089700000, 0x0000000089700000| Complete 

Card table byte_map: [0x0000013a16e90000,0x0000013a17290000] _byte_map_base: 0x0000013a16a90000

Marking Bits (Prev, Next): (CMBitMap*) 0x0000013a0348c2c8, (CMBitMap*) 0x0000013a0348c300
 Prev Bits: [0x0000013a17690000, 0x0000013a19690000)
 Next Bits: [0x0000013a19690000, 0x0000013a1b690000)

Polling page: 0x0000013a03530000

Metaspace:

Usage:
  Non-class:     38.88 MB capacity,    38.12 MB ( 98%) used,   679.41 KB (  2%) free+waste,   104.13 KB ( <1%) overhead. 
      Class:      6.04 MB capacity,     5.62 MB ( 93%) used,   372.34 KB (  6%) free+waste,    50.31 KB ( <1%) overhead. 
       Both:     44.92 MB capacity,    43.74 MB ( 97%) used,     1.03 MB (  2%) free+waste,   154.44 KB ( <1%) overhead. 

Virtual space:
  Non-class space:       40.00 MB reserved,      39.00 MB ( 98%) committed 
      Class space:        1.00 GB reserved,       6.13 MB ( <1%) committed 
             Both:        1.04 GB reserved,      45.13 MB (  4%) committed 

Chunk freelists:
   Non-Class:  3.00 KB
       Class:  28.00 KB
        Both:  31.00 KB

MaxMetaspaceSize: 17179869184.00 GB
CompressedClassSpaceSize: 1.00 GB

CodeHeap 'non-profiled nmethods': size=120000Kb used=2348Kb max_used=2348Kb free=117651Kb
 bounds [0x0000013a0e8c0000, 0x0000013a0eb30000, 0x0000013a15df0000]
CodeHeap 'profiled nmethods': size=120000Kb used=8105Kb max_used=8105Kb free=111894Kb
 bounds [0x0000013a07390000, 0x0000013a07b80000, 0x0000013a0e8c0000]
CodeHeap 'non-nmethods': size=5760Kb used=2196Kb max_used=2230Kb free=3563Kb
 bounds [0x0000013a06df0000, 0x0000013a07060000, 0x0000013a07390000]
 total_blobs=4885 nmethods=4123 adapters=672
 compilation: enabled
              stopped_count=0, restarted_count=0
 full_count=0

Compilation events (20 events):
Event: 16.145 Thread 0x0000013a1ed40800 nmethod 4266 0x0000013a0eb00f90 code [0x0000013a0eb01140, 0x0000013a0eb01238]
Event: 16.147 Thread 0x0000013a1ed40800 4267       3       sun.reflect.generics.reflectiveObjects.ParameterizedTypeImpl::toString (209 bytes)
Event: 16.147 Thread 0x0000013a21e33800 nmethod 4263 0x0000013a0eb01290 code [0x0000013a0eb01480, 0x0000013a0eb01858]
Event: 16.148 Thread 0x0000013a1ed40800 nmethod 4267 0x0000013a07b44590 code [0x0000013a07b44a00, 0x0000013a07b466e8]
Event: 16.148 Thread 0x0000013a1ed40800 4269       3       org.codehaus.groovy.util.ComplexKeyHashMap::getEntrySetIterator (9 bytes)
Event: 16.148 Thread 0x0000013a1ed40800 nmethod 4269 0x0000013a07b47110 code [0x0000013a07b472c0, 0x0000013a07b47448]
Event: 16.148 Thread 0x0000013a1ed40800 4268       3       java.util.StringJoiner::setEmptyValue (20 bytes)
Event: 16.148 Thread 0x0000013a1ed40800 nmethod 4268 0x0000013a07b47510 code [0x0000013a07b47700, 0x0000013a07b47b98]
Event: 16.149 Thread 0x0000013a1ed40800 4270       3       java.lang.reflect.AccessibleObject::setAccessible (87 bytes)
Event: 16.150 Thread 0x0000013a1ed40800 nmethod 4270 0x0000013a07b47d10 code [0x0000013a07b47f40, 0x0000013a07b48758]
Event: 16.150 Thread 0x0000013a1ed40800 4271       3       org.codehaus.groovy.reflection.CachedClass$3::initValue (232 bytes)
Event: 16.152 Thread 0x0000013a1ed40800 nmethod 4271 0x0000013a07b48a90 code [0x0000013a07b48f40, 0x0000013a07b4b428]
Event: 16.152 Thread 0x0000013a1ed40800 4272       1       groovy.lang.MetaClassImpl$MethodIndexAction::skipClass (2 bytes)
Event: 16.152 Thread 0x0000013a1ed40800 nmethod 4272 0x0000013a0eb01b90 code [0x0000013a0eb01d40, 0x0000013a0eb01df8]
Event: 16.154 Thread 0x0000013a1ed3d800 nmethod 4264 0x0000013a0eb01e90 code [0x0000013a0eb020e0, 0x0000013a0eb02990]
Event: 16.161 Thread 0x0000013a21e33800 4273       4       java.util.zip.ZipFile$Source::initCEN (658 bytes)
Event: 16.162 Thread 0x0000013a1ed40800 4274       3       java.util.ArrayDeque::<init> (14 bytes)
Event: 16.163 Thread 0x0000013a1ed40800 nmethod 4274 0x0000013a07b4c290 code [0x0000013a07b4c460, 0x0000013a07b4c718]
Event: 16.170 Thread 0x0000013a1ed40800 4275       3       java.util.zip.ZipFile$CleanableResource::<init> (65 bytes)
Event: 16.170 Thread 0x0000013a1ed40800 nmethod 4275 0x0000013a07b4c810 code [0x0000013a07b4cac0, 0x0000013a07b4d6e8]

GC Heap History (12 events):
Event: 0.479 GC heap before
{Heap before GC invocations=0 (full 0):
 garbage-first heap   total 129024K, used 29696K [0x0000000080000000, 0x0000000100000000)
  region size 1024K, 24 young (24576K), 0 survivors (0K)
 Metaspace       used 10624K, capacity 10867K, committed 11008K, reserved 1058816K
  class space    used 1126K, capacity 1200K, committed 1280K, reserved 1048576K
}
Event: 0.483 GC heap after
{Heap after GC invocations=1 (full 0):
 garbage-first heap   total 129024K, used 8996K [0x0000000080000000, 0x0000000100000000)
  region size 1024K, 3 young (3072K), 3 survivors (3072K)
 Metaspace       used 10624K, capacity 10867K, committed 11008K, reserved 1058816K
  class space    used 1126K, capacity 1200K, committed 1280K, reserved 1048576K
}
Event: 1.419 GC heap before
{Heap before GC invocations=1 (full 0):
 garbage-first heap   total 129024K, used 81700K [0x0000000080000000, 0x0000000100000000)
  region size 1024K, 75 young (76800K), 3 survivors (3072K)
 Metaspace       used 18852K, capacity 19390K, committed 19712K, reserved 1067008K
  class space    used 2282K, capacity 2458K, committed 2560K, reserved 1048576K
}
Event: 1.425 GC heap after
{Heap after GC invocations=2 (full 0):
 garbage-first heap   total 129024K, used 15390K [0x0000000080000000, 0x0000000100000000)
  region size 1024K, 10 young (10240K), 10 survivors (10240K)
 Metaspace       used 18852K, capacity 19390K, committed 19712K, reserved 1067008K
  class space    used 2282K, capacity 2458K, committed 2560K, reserved 1048576K
}
Event: 1.545 GC heap before
{Heap before GC invocations=2 (full 0):
 garbage-first heap   total 129024K, used 27678K [0x0000000080000000, 0x0000000100000000)
  region size 1024K, 23 young (23552K), 10 survivors (10240K)
 Metaspace       used 20540K, capacity 21095K, committed 21248K, reserved 1067008K
  class space    used 2526K, capacity 2712K, committed 2816K, reserved 1048576K
}
Event: 1.552 GC heap after
{Heap after GC invocations=3 (full 0):
 garbage-first heap   total 129024K, used 16571K [0x0000000080000000, 0x0000000100000000)
  region size 1024K, 1 young (1024K), 1 survivors (1024K)
 Metaspace       used 20540K, capacity 21095K, committed 21248K, reserved 1067008K
  class space    used 2526K, capacity 2712K, committed 2816K, reserved 1048576K
}
Event: 2.364 GC heap before
{Heap before GC invocations=4 (full 0):
 garbage-first heap   total 129024K, used 81083K [0x0000000080000000, 0x0000000100000000)
  region size 1024K, 64 young (65536K), 1 survivors (1024K)
 Metaspace       used 27433K, capacity 28098K, committed 28288K, reserved 1073152K
  class space    used 3619K, capacity 3859K, committed 3968K, reserved 1048576K
}
Event: 2.367 GC heap after
{Heap after GC invocations=5 (full 0):
 garbage-first heap   total 129024K, used 18705K [0x0000000080000000, 0x0000000100000000)
  region size 1024K, 3 young (3072K), 3 survivors (3072K)
 Metaspace       used 27433K, capacity 28098K, committed 28288K, reserved 1073152K
  class space    used 3619K, capacity 3859K, committed 3968K, reserved 1048576K
}
Event: 2.896 GC heap before
{Heap before GC invocations=5 (full 0):
 garbage-first heap   total 129024K, used 54545K [0x0000000080000000, 0x0000000100000000)
  region size 1024K, 39 young (39936K), 3 survivors (3072K)
 Metaspace       used 35102K, capacity 35813K, committed 35840K, reserved 1081344K
  class space    used 4569K, capacity 4856K, committed 4864K, reserved 1048576K
}
Event: 2.903 GC heap after
{Heap after GC invocations=6 (full 0):
 garbage-first heap   total 129024K, used 21676K [0x0000000080000000, 0x0000000100000000)
  region size 1024K, 6 young (6144K), 6 survivors (6144K)
 Metaspace       used 35102K, capacity 35813K, committed 35840K, reserved 1081344K
  class space    used 4569K, capacity 4856K, committed 4864K, reserved 1048576K
}
Event: 5.444 GC heap before
{Heap before GC invocations=7 (full 0):
 garbage-first heap   total 129024K, used 83116K [0x0000000080000000, 0x0000000100000000)
  region size 1024K, 63 young (64512K), 6 survivors (6144K)
 Metaspace       used 40815K, capacity 41774K, committed 41984K, reserved 1085440K
  class space    used 5220K, capacity 5536K, committed 5632K, reserved 1048576K
}
Event: 5.451 GC heap after
{Heap after GC invocations=8 (full 0):
 garbage-first heap   total 155648K, used 24861K [0x0000000080000000, 0x0000000100000000)
  region size 1024K, 7 young (7168K), 7 survivors (7168K)
 Metaspace       used 40815K, capacity 41774K, committed 41984K, reserved 1085440K
  class space    used 5220K, capacity 5536K, committed 5632K, reserved 1048576K
}

Deoptimization events (20 events):
Event: 15.740 Thread 0x0000013a226a1800 Uncommon trap: trap_request=0xffffff4d fr.pc=0x0000013a0eac55fc relative=0x0000000000000b5c
Event: 15.740 Thread 0x0000013a226a1800 Uncommon trap: reason=unstable_if action=reinterpret pc=0x0000013a0eac55fc method=com.esotericsoftware.kryo.io.Input.readUtf8Length(I)I @ 9 c2
Event: 15.740 Thread 0x0000013a226a1800 DEOPT PACKING pc=0x0000013a0eac55fc sp=0x00000029423fdbb0
Event: 15.740 Thread 0x0000013a226a1800 DEOPT UNPACKING pc=0x0000013a06e174af sp=0x00000029423fdb08 mode 2
Event: 15.770 Thread 0x0000013a21056000 DEOPT PACKING pc=0x0000013a0768495a sp=0x0000002941afe090
Event: 15.770 Thread 0x0000013a21056000 DEOPT UNPACKING pc=0x0000013a06e172ce sp=0x0000002941afd528 mode 0
Event: 15.778 Thread 0x0000013a226a9000 Uncommon trap: trap_request=0xffffffcc fr.pc=0x0000013a0eae52b0 relative=0x00000000000010f0
Event: 15.778 Thread 0x0000013a226a9000 Uncommon trap: reason=intrinsic_or_type_checked_inlining action=make_not_entrant pc=0x0000013a0eae52b0 method=java.util.ArrayList.toArray([Ljava/lang/Object;)[Ljava/lang/Object; @ 36 c2
Event: 15.778 Thread 0x0000013a226a9000 DEOPT PACKING pc=0x0000013a0eae52b0 sp=0x0000002942dfe080
Event: 15.778 Thread 0x0000013a226a9000 DEOPT UNPACKING pc=0x0000013a06e174af sp=0x0000002942dfdfd8 mode 2
Event: 15.966 Thread 0x0000013a21059800 DEOPT PACKING pc=0x0000013a076b967a sp=0x00000029416fe1c0
Event: 15.966 Thread 0x0000013a21059800 DEOPT UNPACKING pc=0x0000013a06e172ce sp=0x00000029416fd5f8 mode 0
Event: 16.012 Thread 0x0000013a213fd000 DEOPT PACKING pc=0x0000013a0741aeb4 sp=0x0000002940bf9c50
Event: 16.012 Thread 0x0000013a213fd000 DEOPT UNPACKING pc=0x0000013a06e172ce sp=0x0000002940bf91a0 mode 0
Event: 16.013 Thread 0x0000013a213fd000 DEOPT PACKING pc=0x0000013a07b42d71 sp=0x0000002940bf9c10
Event: 16.013 Thread 0x0000013a213fd000 DEOPT UNPACKING pc=0x0000013a06e172ce sp=0x0000002940bf9108 mode 0
Event: 16.161 Thread 0x0000013a213fd000 DEOPT PACKING pc=0x0000013a0744a844 sp=0x0000002940bf20b0
Event: 16.161 Thread 0x0000013a213fd000 DEOPT UNPACKING pc=0x0000013a06e172ce sp=0x0000002940bf1688 mode 0
Event: 16.174 Thread 0x0000013a213fd000 DEOPT PACKING pc=0x0000013a0744a303 sp=0x0000002940bf2060
Event: 16.174 Thread 0x0000013a213fd000 DEOPT UNPACKING pc=0x0000013a06e172ce sp=0x0000002940bf15c0 mode 0

Classes redefined (0 events):
No events

Internal exceptions (20 events):
Event: 16.169 Thread 0x0000013a213fd000 Exception <a 'java/security/PrivilegedActionException'{0x00000000855ffaf0}> (0x00000000855ffaf0) thrown at [./src/hotspot/share/prims/jvm.cpp, line 1297]
Event: 16.169 Thread 0x0000013a213fd000 Exception <a 'java/security/PrivilegedActionException'{0x0000000085400fd0}> (0x0000000085400fd0) thrown at [./src/hotspot/share/prims/jvm.cpp, line 1297]
Event: 16.169 Thread 0x0000013a213fd000 Exception <a 'java/security/PrivilegedActionException'{0x00000000854039b0}> (0x00000000854039b0) thrown at [./src/hotspot/share/prims/jvm.cpp, line 1297]
Event: 16.169 Thread 0x0000013a213fd000 Exception <a 'java/security/PrivilegedActionException'{0x00000000854049c8}> (0x00000000854049c8) thrown at [./src/hotspot/share/prims/jvm.cpp, line 1297]
Event: 16.169 Thread 0x0000013a213fd000 Exception <a 'java/security/PrivilegedActionException'{0x00000000854073b8}> (0x00000000854073b8) thrown at [./src/hotspot/share/prims/jvm.cpp, line 1297]
Event: 16.169 Thread 0x0000013a213fd000 Exception <a 'java/security/PrivilegedActionException'{0x00000000854083d0}> (0x00000000854083d0) thrown at [./src/hotspot/share/prims/jvm.cpp, line 1297]
Event: 16.169 Thread 0x0000013a213fd000 Exception <a 'java/security/PrivilegedActionException'{0x000000008540ae00}> (0x000000008540ae00) thrown at [./src/hotspot/share/prims/jvm.cpp, line 1297]
Event: 16.169 Thread 0x0000013a213fd000 Exception <a 'java/security/PrivilegedActionException'{0x000000008540be18}> (0x000000008540be18) thrown at [./src/hotspot/share/prims/jvm.cpp, line 1297]
Event: 16.169 Thread 0x0000013a213fd000 Exception <a 'java/security/PrivilegedActionException'{0x000000008540ea00}> (0x000000008540ea00) thrown at [./src/hotspot/share/prims/jvm.cpp, line 1297]
Event: 16.169 Thread 0x0000013a213fd000 Exception <a 'java/security/PrivilegedActionException'{0x000000008540fa18}> (0x000000008540fa18) thrown at [./src/hotspot/share/prims/jvm.cpp, line 1297]
Event: 16.169 Thread 0x0000013a213fd000 Exception <a 'java/security/PrivilegedActionException'{0x00000000854123f8}> (0x00000000854123f8) thrown at [./src/hotspot/share/prims/jvm.cpp, line 1297]
Event: 16.170 Thread 0x0000013a213fd000 Exception <a 'java/security/PrivilegedActionException'{0x0000000085413410}> (0x0000000085413410) thrown at [./src/hotspot/share/prims/jvm.cpp, line 1297]
Event: 16.170 Thread 0x0000013a213fd000 Exception <a 'java/security/PrivilegedActionException'{0x0000000085415e40}> (0x0000000085415e40) thrown at [./src/hotspot/share/prims/jvm.cpp, line 1297]
Event: 16.170 Thread 0x0000013a213fd000 Exception <a 'java/security/PrivilegedActionException'{0x0000000085416e58}> (0x0000000085416e58) thrown at [./src/hotspot/share/prims/jvm.cpp, line 1297]
Event: 16.170 Thread 0x0000013a213fd000 Exception <a 'java/security/PrivilegedActionException'{0x00000000854198a0}> (0x00000000854198a0) thrown at [./src/hotspot/share/prims/jvm.cpp, line 1297]
Event: 16.170 Thread 0x0000013a213fd000 Exception <a 'java/security/PrivilegedActionException'{0x000000008541a8b8}> (0x000000008541a8b8) thrown at [./src/hotspot/share/prims/jvm.cpp, line 1297]
Event: 16.170 Thread 0x0000013a213fd000 Exception <a 'java/security/PrivilegedActionException'{0x000000008541d378}> (0x000000008541d378) thrown at [./src/hotspot/share/prims/jvm.cpp, line 1297]
Event: 16.170 Thread 0x0000013a213fd000 Exception <a 'java/security/PrivilegedActionException'{0x000000008541e390}> (0x000000008541e390) thrown at [./src/hotspot/share/prims/jvm.cpp, line 1297]
Event: 16.170 Thread 0x0000013a213fd000 Exception <a 'java/security/PrivilegedActionException'{0x0000000085420d50}> (0x0000000085420d50) thrown at [./src/hotspot/share/prims/jvm.cpp, line 1297]
Event: 16.170 Thread 0x0000013a213fd000 Exception <a 'java/security/PrivilegedActionException'{0x0000000085421d68}> (0x0000000085421d68) thrown at [./src/hotspot/share/prims/jvm.cpp, line 1297]

Events (20 events):
Event: 16.146 loading class build_7ldms3vqeh3oijr4fk3dijqiiBeanInfo
Event: 16.146 loading class build_7ldms3vqeh3oijr4fk3dijqiiBeanInfo done
Event: 16.146 loading class build_7ldms3vqeh3oijr4fk3dijqiiBeanInfo
Event: 16.146 loading class build_7ldms3vqeh3oijr4fk3dijqiiBeanInfo done
Event: 16.146 loading class build_7ldms3vqeh3oijr4fk3dijqiiCustomizer
Event: 16.146 loading class build_7ldms3vqeh3oijr4fk3dijqiiCustomizer done
Event: 16.147 loading class build_7ldms3vqeh3oijr4fk3dijqiiCustomizer
Event: 16.147 loading class build_7ldms3vqeh3oijr4fk3dijqiiCustomizer done
Event: 16.148 loading class groovy/runtime/metaclass/build_7ldms3vqeh3oijr4fk3dijqii$_run_closure1MetaClass
Event: 16.148 loading class groovy/runtime/metaclass/build_7ldms3vqeh3oijr4fk3dijqii$_run_closure1MetaClass done
Event: 16.149 loading class groovy/runtime/metaclass/org/gradle/api/internal/project/DefaultProject_DecoratedMetaClass
Event: 16.149 loading class groovy/runtime/metaclass/org/gradle/api/internal/project/DefaultProject_DecoratedMetaClass done
Event: 16.151 loading class org/gradle/api/internal/project/DefaultProject_DecoratedBeanInfo
Event: 16.151 loading class org/gradle/api/internal/project/DefaultProject_DecoratedBeanInfo done
Event: 16.151 loading class org/gradle/api/internal/project/DefaultProject_DecoratedBeanInfo
Event: 16.151 loading class org/gradle/api/internal/project/DefaultProject_DecoratedBeanInfo done
Event: 16.151 loading class org/gradle/api/internal/project/DefaultProject_DecoratedBeanInfo
Event: 16.151 loading class org/gradle/api/internal/project/DefaultProject_DecoratedBeanInfo done
Event: 16.168 Executing VM operation: ICBufferFull
Event: 16.168 Executing VM operation: ICBufferFull done


Dynamic libraries:
0x00007ff70fe00000 - 0x00007ff70fe0a000 	C:\Program Files\Android\Android Studio\jre\bin\java.exe
0x00007ffda68d0000 - 0x00007ffda6ac5000 	C:\Windows\SYSTEM32\ntdll.dll
0x00007ffda5d80000 - 0x00007ffda5e3d000 	C:\Windows\System32\KERNEL32.DLL
0x00007ffda4470000 - 0x00007ffda4737000 	C:\Windows\System32\KERNELBASE.dll
0x00007ffda4370000 - 0x00007ffda4470000 	C:\Windows\System32\ucrtbase.dll
0x00007ffd8e8d0000 - 0x00007ffd8e8e9000 	C:\Program Files\Android\Android Studio\jre\bin\jli.dll
0x00007ffda4dd0000 - 0x00007ffda4f70000 	C:\Windows\System32\USER32.dll
0x00007ffda4140000 - 0x00007ffda4162000 	C:\Windows\System32\win32u.dll
0x00007ffda54c0000 - 0x00007ffda54ea000 	C:\Windows\System32\GDI32.dll
0x00007ffd8ed90000 - 0x00007ffd8f02b000 	C:\Windows\WinSxS\amd64_microsoft.windows.common-controls_6595b64144ccf1df_6.0.19041.488_none_ca04af081b815d21\COMCTL32.dll
0x00007ffd8e2f0000 - 0x00007ffd8e307000 	C:\Program Files\Android\Android Studio\jre\bin\VCRUNTIME140.dll
0x00007ffda4770000 - 0x00007ffda4879000 	C:\Windows\System32\gdi32full.dll
0x00007ffda6610000 - 0x00007ffda66ae000 	C:\Windows\System32\msvcrt.dll
0x00007ffda42d0000 - 0x00007ffda436d000 	C:\Windows\System32\msvcp_win.dll
0x00007ffda5400000 - 0x00007ffda5430000 	C:\Windows\System32\IMM32.DLL
0x00007ffd64b60000 - 0x00007ffd64bfd000 	C:\Program Files\Android\Android Studio\jre\bin\msvcp140.dll
0x00007ffd75c50000 - 0x00007ffd7670c000 	C:\Program Files\Android\Android Studio\jre\bin\server\jvm.dll
0x00007ffda5ea0000 - 0x00007ffda5f4a000 	C:\Windows\System32\ADVAPI32.dll
0x00007ffda67e0000 - 0x00007ffda687b000 	C:\Windows\System32\sechost.dll
0x00007ffda66b0000 - 0x00007ffda67d4000 	C:\Windows\System32\RPCRT4.dll
0x00007ffda4b40000 - 0x00007ffda4b48000 	C:\Windows\System32\PSAPI.DLL
0x00007ffd9f730000 - 0x00007ffd9f739000 	C:\Windows\SYSTEM32\WSOCK32.dll
0x00007ffd9c870000 - 0x00007ffd9c87a000 	C:\Windows\SYSTEM32\VERSION.dll
0x00007ffd90d80000 - 0x00007ffd90da7000 	C:\Windows\SYSTEM32\WINMM.dll
0x00007ffda5380000 - 0x00007ffda53eb000 	C:\Windows\System32\WS2_32.dll
0x00007ffda2900000 - 0x00007ffda2913000 	C:\Windows\SYSTEM32\kernel.appcore.dll
0x00007ffd9f630000 - 0x00007ffd9f641000 	C:\Program Files\Android\Android Studio\jre\bin\verify.dll
0x00007ffda1e80000 - 0x00007ffda2064000 	C:\Windows\SYSTEM32\DBGHELP.DLL
0x00007ffd8ae00000 - 0x00007ffd8ae2c000 	C:\Windows\SYSTEM32\dbgcore.DLL
0x00007ffda40c0000 - 0x00007ffda413f000 	C:\Windows\System32\bcryptPrimitives.dll
0x00007ffd9e730000 - 0x00007ffd9e759000 	C:\Program Files\Android\Android Studio\jre\bin\java.dll
0x00007ffd9f620000 - 0x00007ffd9f62b000 	C:\Program Files\Android\Android Studio\jre\bin\jimage.dll
0x00007ffd9d940000 - 0x00007ffd9d958000 	C:\Program Files\Android\Android Studio\jre\bin\zip.dll
0x00007ffda5630000 - 0x00007ffda5d71000 	C:\Windows\System32\SHELL32.dll
0x00007ffda2150000 - 0x00007ffda28e3000 	C:\Windows\SYSTEM32\windows.storage.dll
0x00007ffda4f70000 - 0x00007ffda52c5000 	C:\Windows\System32\combase.dll
0x00007ffda3a80000 - 0x00007ffda3aac000 	C:\Windows\SYSTEM32\Wldp.dll
0x00007ffda6560000 - 0x00007ffda660e000 	C:\Windows\System32\SHCORE.dll
0x00007ffda5e40000 - 0x00007ffda5e95000 	C:\Windows\System32\shlwapi.dll
0x00007ffda3f40000 - 0x00007ffda3f66000 	C:\Windows\SYSTEM32\profapi.dll
0x00007ffd9bfa0000 - 0x00007ffd9bfba000 	C:\Program Files\Android\Android Studio\jre\bin\net.dll
0x00007ffd95b30000 - 0x00007ffd95c30000 	C:\Windows\SYSTEM32\WINHTTP.dll
0x00007ffda3800000 - 0x00007ffda386a000 	C:\Windows\system32\mswsock.dll
0x00007ffd9be30000 - 0x00007ffd9be44000 	C:\Program Files\Android\Android Studio\jre\bin\nio.dll
0x00007ffd8e1b0000 - 0x00007ffd8e1d7000 	C:\Users\Win10_Game_OS\.gradle\native\fdc75f09e3144964f2cf3f50f0aa648679c211496f362492102eb8c894070792\windows-amd64\native-platform.dll
0x00007ffd75ab0000 - 0x00007ffd75c46000 	C:\Users\Win10_Game_OS\.gradle\native\12488b8bf47d2d4c9fbf2f6322a914ad602e24e48041cd04a747c6da556b65c4\windows-amd64\native-platform-file-events.dll
0x00007ffd9e1e0000 - 0x00007ffd9e1ea000 	C:\Program Files\Android\Android Studio\jre\bin\management.dll
0x00007ffd9df50000 - 0x00007ffd9df5c000 	C:\Program Files\Android\Android Studio\jre\bin\management_ext.dll
0x00007ffda39d0000 - 0x00007ffda39e8000 	C:\Windows\SYSTEM32\CRYPTSP.dll
0x00007ffda3120000 - 0x00007ffda3154000 	C:\Windows\system32\rsaenh.dll
0x00007ffda4740000 - 0x00007ffda4767000 	C:\Windows\System32\bcrypt.dll
0x00007ffda3f00000 - 0x00007ffda3f2e000 	C:\Windows\SYSTEM32\USERENV.dll
0x00007ffda39f0000 - 0x00007ffda39fc000 	C:\Windows\SYSTEM32\CRYPTBASE.dll
0x00007ffda34a0000 - 0x00007ffda34db000 	C:\Windows\SYSTEM32\IPHLPAPI.DLL
0x00007ffda6880000 - 0x00007ffda6889000 	C:\Windows\System32\NSI.dll
0x00007ffd9bed0000 - 0x00007ffd9bee7000 	C:\Windows\SYSTEM32\dhcpcsvc6.DLL
0x00007ffd9c1f0000 - 0x00007ffd9c20d000 	C:\Windows\SYSTEM32\dhcpcsvc.DLL
0x00007ffda34e0000 - 0x00007ffda35ab000 	C:\Windows\SYSTEM32\DNSAPI.dll
0x00007ffd9c8b0000 - 0x00007ffd9c8bb000 	C:\Windows\SYSTEM32\WINNSI.DLL

dbghelp: loaded successfully - version: 4.0.5 - missing functions: none
symbol engine: initialized successfully - sym options: 0x614 - pdb path: .;C:\Program Files\Android\Android Studio\jre\bin;C:\Windows\SYSTEM32;C:\Windows\WinSxS\amd64_microsoft.windows.common-controls_6595b64144ccf1df_6.0.19041.488_none_ca04af081b815d21;C:\Program Files\Android\Android Studio\jre\bin\server;C:\Users\Win10_Game_OS\.gradle\native\fdc75f09e3144964f2cf3f50f0aa648679c211496f362492102eb8c894070792\windows-amd64;C:\Users\Win10_Game_OS\.gradle\native\12488b8bf47d2d4c9fbf2f6322a914ad602e24e48041cd04a747c6da556b65c4\windows-amd64

VM Arguments:
jvm_args: --add-opens=java.base/java.util=ALL-UNNAMED --add-opens=java.base/java.lang=ALL-UNNAMED --add-opens=java.base/java.lang.invoke=ALL-UNNAMED --add-opens=java.prefs/java.util.prefs=ALL-UNNAMED -Xmx2048m -Dfile.encoding=UTF-8 -Duser.country=RU -Duser.language=ru -Duser.variant 
java_command: org.gradle.launcher.daemon.bootstrap.GradleDaemon 6.7.1
java_class_path (initial): C:\Users\Win10_Game_OS\.gradle\wrapper\dists\gradle-6.7.1-bin\bwlcbys1h7rz3272sye1xwiv6\gradle-6.7.1\lib\gradle-launcher-6.7.1.jar
Launcher Type: SUN_STANDARD

[Global flags]
     intx CICompilerCount                          = 4                                         {product} {ergonomic}
     uint ConcGCThreads                            = 3                                         {product} {ergonomic}
     uint G1ConcRefinementThreads                  = 10                                        {product} {ergonomic}
   size_t G1HeapRegionSize                         = 1048576                                   {product} {ergonomic}
    uintx GCDrainStackTargetSize                   = 64                                        {product} {ergonomic}
   size_t InitialHeapSize                          = 132120576                                 {product} {ergonomic}
   size_t MarkStackSize                            = 4194304                                   {product} {ergonomic}
   size_t MaxHeapSize                              = 2147483648                                {product} {command line}
   size_t MaxNewSize                               = 1287651328                                {product} {ergonomic}
   size_t MinHeapDeltaBytes                        = 1048576                                   {product} {ergonomic}
    uintx NonNMethodCodeHeapSize                   = 5836300                                {pd product} {ergonomic}
    uintx NonProfiledCodeHeapSize                  = 122910970                              {pd product} {ergonomic}
    uintx ProfiledCodeHeapSize                     = 122910970                              {pd product} {ergonomic}
    uintx ReservedCodeCacheSize                    = 251658240                              {pd product} {ergonomic}
     bool SegmentedCodeCache                       = true                                      {product} {ergonomic}
     bool UseCompressedClassPointers               = true                                 {lp64_product} {ergonomic}
     bool UseCompressedOops                        = true                                 {lp64_product} {ergonomic}
     bool UseG1GC                                  = true                                      {product} {ergonomic}
     bool UseLargePagesIndividualAllocation        = false                                  {pd product} {ergonomic}

Logging:
Log output configuration:
 #0: stdout all=warning uptime,level,tags
 #1: stderr all=off uptime,level,tags

Environment Variables:
PATH=C:\Windows\system32;C:\Windows;C:\Windows\System32\Wbem;C:\Windows\System32\WindowsPowerShell\v1.0\;C:\Windows\System32\OpenSSH\;C:\Users\Win10_Game_OS\AppData\Local\Programs\Python\Python38\Scripts\;C:\Users\Win10_Game_OS\AppData\Local\Programs\Python\Python38\;C:\Users\Win10_Game_OS\AppData\Local\Programs\Python\Launcher\;C:\Users\Win10_Game_OS\AppData\Local\Microsoft\WindowsApps;C:\Program Files\JetBrains\IntelliJ IDEA Community Edition 2021.1.1\bin
USERNAME=Win10_Game_OS
OS=Windows_NT
PROCESSOR_IDENTIFIER=Intel64 Family 6 Model 158 Stepping 10, GenuineIntel



---------------  S Y S T E M  ---------------

OS: Windows 10 , 64 bit Build 19041 (10.0.19041.292)
OS uptime: 1 days 11:08 hours

CPU:total 12 (initial active 12) (6 cores per cpu, 2 threads per core) family 6 model 158 stepping 10, cmov, cx8, fxsr, mmx, sse, sse2, sse3, ssse3, sse4.1, sse4.2, popcnt, avx, avx2, aes, clmul, erms, 3dnowpref, lzcnt, ht, tsc, tscinvbit, bmi1, bmi2, adx, fma

Memory: 4k page, system-wide physical 8042M (1026M free)
TotalPageFile size 12138M (AvailPageFile size 2M)
current process WorkingSet (physical memory assigned to process): 207M, peak: 269M
current process commit charge ("private bytes"): 334M, peak: 341M

vm_info: OpenJDK 64-Bit Server VM (11.0.8+10-b944.6842174) for windows-amd64 JRE (11.0.8+10-b944.6842174), built on Sep 19 2020 01:11:42 by "builder" with MS VC++ 14.0 (VS2015)

END.
