#
# There is insufficient memory for the Java Runtime Environment to continue.
# Native memory allocation (malloc) failed to allocate 2115856 bytes for Chunk::new
# Possible reasons:
#   The system is out of physical RAM or swap space
#   The process is running with CompressedOops enabled, and the Java Heap may be blocking the growth of the native heap
# Possible solutions:
#   Reduce memory load on the system
#   Increase physical memory or swap space
#   Check if swap backing store is full
#   Decrease Java heap size (-Xmx/-Xms)
#   Decrease number of Java threads
#   Decrease Java thread stack sizes (-Xss)
#   Set larger code cache with -XX:ReservedCodeCacheSize=
#   JVM is running with Unscaled Compressed Oops mode in which the Java heap is
#     placed in the first 4GB address space. The Java Heap base address is the
#     maximum limit for the native heap growth. Please use -XX:HeapBaseMinAddress
#     to set the Java Heap base and to place the Java Heap above 4GB virtual address.
# This output file may be truncated or incomplete.
#
#  Out of Memory Error (./src/hotspot/share/memory/arena.cpp:197), pid=7508, tid=6396
#
# JRE version: OpenJDK Runtime Environment (11.0.8+10) (build 11.0.8+10-b944.6842174)
# Java VM: OpenJDK 64-Bit Server VM (11.0.8+10-b944.6842174, mixed mode, tiered, compressed oops, g1 gc, windows-amd64)
# No core dump will be written. Minidumps are not enabled by default on client versions of Windows
#

---------------  S U M M A R Y ------------

Command Line: --add-opens=java.base/java.util=ALL-UNNAMED --add-opens=java.base/java.lang=ALL-UNNAMED --add-opens=java.base/java.lang.invoke=ALL-UNNAMED --add-opens=java.prefs/java.util.prefs=ALL-UNNAMED -Xmx2048m -Dfile.encoding=UTF-8 -Duser.country=RU -Duser.language=ru -Duser.variant org.gradle.launcher.daemon.bootstrap.GradleDaemon 6.7.1

Host: Intel(R) Core(TM) i7-8750H CPU @ 2.20GHz, 12 cores, 7G,  Windows 10 , 64 bit Build 19041 (10.0.19041.292)
Time: Mon May 24 23:00:50 2021 RTZ 2 (зима) elapsed time: 11 seconds (0d 0h 0m 11s)

---------------  T H R E A D  ---------------

Current thread (0x0000026b2f1bd000):  JavaThread "C2 CompilerThread0" daemon [_thread_in_native, id=6396, stack(0x0000008cd7c00000,0x0000008cd7d00000)]


Current CompileTask:
C2:  11824 9061       4       com.android.utils.XmlUtils::append (647 bytes)

Stack: [0x0000008cd7c00000,0x0000008cd7d00000]
Native frames: (J=compiled Java code, j=interpreted, Vv=VM code, C=native code)
V  [jvm.dll+0x5de50a]
V  [jvm.dll+0x7122f5]
V  [jvm.dll+0x71384d]
V  [jvm.dll+0x713f03]
V  [jvm.dll+0x23e728]
V  [jvm.dll+0xb899c]
V  [jvm.dll+0xb8e9c]
V  [jvm.dll+0x35020b]
V  [jvm.dll+0x31dea3]
V  [jvm.dll+0x31d39a]
V  [jvm.dll+0x1f7702]
V  [jvm.dll+0x1f68d4]
V  [jvm.dll+0x17f32c]
V  [jvm.dll+0x205047]
V  [jvm.dll+0x203891]
V  [jvm.dll+0x6dad3f]
V  [jvm.dll+0x6d3895]
V  [jvm.dll+0x5dd4a6]
C  [ucrtbase.dll+0x214c2]
C  [KERNEL32.DLL+0x16fd4]
C  [ntdll.dll+0x4cec1]


---------------  P R O C E S S  ---------------

Threads class SMR info:
_java_thread_list=0x0000026b35e65610, length=160, elements={
0x0000026b140da000, 0x0000026b2e826000, 0x0000026b2e832000, 0x0000026b2f1b9000,
0x0000026b2f1bb000, 0x0000026b2f1bd000, 0x0000026b2f1c2800, 0x0000026b2f1c0000,
0x0000026b2f31c000, 0x0000026b2f360800, 0x0000026b307a3800, 0x0000026b2f409800,
0x0000026b30931800, 0x0000026b313d8000, 0x0000026b3071a800, 0x0000026b3067b800,
0x0000026b307ac000, 0x0000026b306b5800, 0x0000026b313c0800, 0x0000026b30aed000,
0x0000026b315bd800, 0x0000026b315c4000, 0x0000026b315c2800, 0x0000026b315c1800,
0x0000026b315c3800, 0x0000026b315be800, 0x0000026b315c0000, 0x0000026b315bf000,
0x0000026b315c1000, 0x0000026b32daa000, 0x0000026b32dab800, 0x0000026b32dae000,
0x0000026b32da8800, 0x0000026b32dac800, 0x0000026b32daf000, 0x0000026b32dad000,
0x0000026b32da9000, 0x0000026b32db3800, 0x0000026b32db0800, 0x0000026b32db4800,
0x0000026b32db5800, 0x0000026b32daf800, 0x0000026b32db7000, 0x0000026b32db6000,
0x0000026b32db1800, 0x0000026b32db2000, 0x0000026b32db3000, 0x0000026b35a11000,
0x0000026b35a12000, 0x0000026b35a15000, 0x0000026b35a12800, 0x0000026b35a13800,
0x0000026b35a10000, 0x0000026b35a16000, 0x0000026b35a16800, 0x0000026b35a17800,
0x0000026b35a18800, 0x0000026b35a19000, 0x0000026b35a1a000, 0x0000026b35a14000,
0x0000026b35a1d000, 0x0000026b35a1b800, 0x0000026b35a1e000, 0x0000026b35a1c800,
0x0000026b35a1f000, 0x0000026b35a1b000, 0x0000026b32ed4000, 0x0000026b32ed1800,
0x0000026b32ed2800, 0x0000026b32ed4800, 0x0000026b32ecf000, 0x0000026b32ed3000,
0x0000026b32ed5800, 0x0000026b32ed0000, 0x0000026b32ed6800, 0x0000026b32ed0800,
0x0000026b32edd000, 0x0000026b32ed7000, 0x0000026b32eda800, 0x0000026b32edd800,
0x0000026b32ed8000, 0x0000026b32edc000, 0x0000026b32ed9000, 0x0000026b32ed9800,
0x0000026b32edb000, 0x0000026b344d6800, 0x0000026b344d7800, 0x0000026b344d9000,
0x0000026b344d6000, 0x0000026b344d8800, 0x0000026b344da000, 0x0000026b344d4800,
0x0000026b344db000, 0x0000026b344d5000, 0x0000026b344e1800, 0x0000026b344de000,
0x0000026b344df800, 0x0000026b344dd000, 0x0000026b344e0800, 0x0000026b344dc800,
0x0000026b344df000, 0x0000026b344db800, 0x0000026b344e2000, 0x0000026b344e3000,
0x0000026b358b8800, 0x0000026b358bf000, 0x0000026b358be000, 0x0000026b358b9000,
0x0000026b358bf800, 0x0000026b358ba000, 0x0000026b358bc800, 0x0000026b358bd000,
0x0000026b358c0800, 0x0000026b358ba800, 0x0000026b358c1800, 0x0000026b358bb800,
0x0000026b358c3800, 0x0000026b358c4800, 0x0000026b358c3000, 0x0000026b358c2000,
0x0000026b358c5800, 0x0000026b358c6000, 0x0000026b358c7000, 0x0000026b35210000,
0x0000026b3520f000, 0x0000026b3520e800, 0x0000026b35211000, 0x0000026b3520c800,
0x0000026b35211800, 0x0000026b35212800, 0x0000026b35213800, 0x0000026b3520d800,
0x0000026b35215000, 0x0000026b35216800, 0x0000026b35219000, 0x0000026b35217800,
0x0000026b35215800, 0x0000026b35218000, 0x0000026b35214000, 0x0000026b3521a000,
0x0000026b31ed5800, 0x0000026b364b9800, 0x0000026b3521b800, 0x0000026b3101a000,
0x0000026b31018800, 0x0000026b31019000, 0x0000026b31017800, 0x0000026b31016000,
0x0000026b3101b000, 0x0000026b3101c800, 0x0000026b3101b800, 0x0000026b31016800,
0x0000026b3101d000, 0x0000026b31023000, 0x0000026b31021800, 0x0000026b31020800,
0x0000026b3101f800, 0x0000026b3101f000, 0x0000026b31022000, 0x0000026b31023800
}

Java Threads: ( => current thread )
  0x0000026b140da000 JavaThread "main" [_thread_blocked, id=4716, stack(0x0000008cd7100000,0x0000008cd7200000)]
  0x0000026b2e826000 JavaThread "Reference Handler" daemon [_thread_blocked, id=9492, stack(0x0000008cd7800000,0x0000008cd7900000)]
  0x0000026b2e832000 JavaThread "Finalizer" daemon [_thread_blocked, id=11108, stack(0x0000008cd7900000,0x0000008cd7a00000)]
  0x0000026b2f1b9000 JavaThread "Signal Dispatcher" daemon [_thread_blocked, id=3436, stack(0x0000008cd7a00000,0x0000008cd7b00000)]
  0x0000026b2f1bb000 JavaThread "Attach Listener" daemon [_thread_blocked, id=4568, stack(0x0000008cd7b00000,0x0000008cd7c00000)]
=>0x0000026b2f1bd000 JavaThread "C2 CompilerThread0" daemon [_thread_in_native, id=6396, stack(0x0000008cd7c00000,0x0000008cd7d00000)]
  0x0000026b2f1c2800 JavaThread "C1 CompilerThread0" daemon [_thread_blocked, id=9588, stack(0x0000008cd7d00000,0x0000008cd7e00000)]
  0x0000026b2f1c0000 JavaThread "Sweeper thread" daemon [_thread_blocked, id=7180, stack(0x0000008cd7e00000,0x0000008cd7f00000)]
  0x0000026b2f31c000 JavaThread "Common-Cleaner" daemon [_thread_blocked, id=8360, stack(0x0000008cd7f00000,0x0000008cd8000000)]
  0x0000026b2f360800 JavaThread "Service Thread" daemon [_thread_blocked, id=8544, stack(0x0000008cd8000000,0x0000008cd8100000)]
  0x0000026b307a3800 JavaThread "Daemon health stats" [_thread_blocked, id=2044, stack(0x0000008cd8600000,0x0000008cd8700000)]
  0x0000026b2f409800 JavaThread "Incoming local TCP Connector on port 53046" [_thread_in_native, id=2564, stack(0x0000008cd8200000,0x0000008cd8300000)]
  0x0000026b30931800 JavaThread "Daemon periodic checks" [_thread_blocked, id=10192, stack(0x0000008cd8800000,0x0000008cd8900000)]
  0x0000026b313d8000 JavaThread "Daemon" [_thread_blocked, id=10252, stack(0x0000008cd8900000,0x0000008cd8a00000)]
  0x0000026b3071a800 JavaThread "Handler for socket connection from /127.0.0.1:53046 to /127.0.0.1:53047" [_thread_in_native, id=11248, stack(0x0000008cd8a00000,0x0000008cd8b00000)]
  0x0000026b3067b800 JavaThread "Cancel handler" [_thread_blocked, id=9664, stack(0x0000008cd8b00000,0x0000008cd8c00000)]
  0x0000026b307ac000 JavaThread "Daemon worker" [_thread_blocked, id=828, stack(0x0000008cd8c00000,0x0000008cd8d00000)]
  0x0000026b306b5800 JavaThread "Asynchronous log dispatcher for DefaultDaemonConnection: socket connection from /127.0.0.1:53046 to /127.0.0.1:53047" [_thread_blocked, id=8368, stack(0x0000008cd8e00000,0x0000008cd8f00000)]
  0x0000026b313c0800 JavaThread "Stdin handler" [_thread_blocked, id=8284, stack(0x0000008cd8f00000,0x0000008cd9000000)]
  0x0000026b30aed000 JavaThread "Thread-8" [_thread_blocked, id=9276, stack(0x0000008cd9000000,0x0000008cd9100000)]
  0x0000026b315bd800 JavaThread "Cache worker for file hash cache (C:\Users\Win10_Game_OS\.gradle\caches\6.7.1\fileHashes)" [_thread_blocked, id=8796, stack(0x0000008cd9800000,0x0000008cd9900000)]
  0x0000026b315c4000 JavaThread "File lock request listener" [_thread_in_native, id=4676, stack(0x0000008cd9900000,0x0000008cd9a00000)]
  0x0000026b315c2800 JavaThread "Cache worker for journal cache (C:\Users\Win10_Game_OS\.gradle\caches\journal-1)" [_thread_blocked, id=9660, stack(0x0000008cd9c00000,0x0000008cd9d00000)]
  0x0000026b315c1800 JavaThread "Cache worker for file hash cache (C:\Users\Win10_Game_OS\Desktop\UniversityKrasnodar\UniversityKrasnodar\.gradle\6.7.1\fileHashes)" [_thread_blocked, id=3848, stack(0x0000008cd9d00000,0x0000008cd9e00000)]
  0x0000026b315c3800 JavaThread "Cache worker for checksums cache (C:\Users\Win10_Game_OS\Desktop\UniversityKrasnodar\UniversityKrasnodar\.gradle\checksums)" [_thread_blocked, id=4900, stack(0x0000008cd9e00000,0x0000008cd9f00000)]
  0x0000026b315be800 JavaThread "Cache worker for cache directory md-supplier (C:\Users\Win10_Game_OS\.gradle\caches\6.7.1\md-supplier)" [_thread_blocked, id=5780, stack(0x0000008cd9f00000,0x0000008cda000000)]
  0x0000026b315c0000 JavaThread "Cache worker for cache directory md-rule (C:\Users\Win10_Game_OS\.gradle\caches\6.7.1\md-rule)" [_thread_blocked, id=1832, stack(0x0000008cda000000,0x0000008cda100000)]
  0x0000026b315bf000 JavaThread "Cache worker for execution history cache (C:\Users\Win10_Game_OS\.gradle\caches\6.7.1\executionHistory)" [_thread_blocked, id=8092, stack(0x0000008cda100000,0x0000008cda200000)]
  0x0000026b315c1000 JavaThread "jar transforms" [_thread_blocked, id=11072, stack(0x0000008cda200000,0x0000008cda300000)]
  0x0000026b32daa000 JavaThread "Cache worker for file content cache (C:\Users\Win10_Game_OS\.gradle\caches\6.7.1\fileContent)" [_thread_blocked, id=8272, stack(0x0000008cda300000,0x0000008cda400000)]
  0x0000026b32dab800 JavaThread "Cache worker for Build Output Cleanup Cache (C:\Users\Win10_Game_OS\Desktop\UniversityKrasnodar\UniversityKrasnodar\.gradle\buildOutputCleanup)" [_thread_blocked, id=7144, stack(0x0000008cda400000,0x0000008cda500000)]
  0x0000026b32dae000 JavaThread "Build operations" [_thread_blocked, id=2744, stack(0x0000008cda500000,0x0000008cda600000)]
  0x0000026b32da8800 JavaThread "Build operations Thread 2" [_thread_blocked, id=5864, stack(0x0000008cda600000,0x0000008cda700000)]
  0x0000026b32dac800 JavaThread "Build operations Thread 3" [_thread_blocked, id=1108, stack(0x0000008cda700000,0x0000008cda800000)]
  0x0000026b32daf000 JavaThread "Build operations Thread 4" [_thread_blocked, id=5588, stack(0x0000008cda800000,0x0000008cda900000)]
  0x0000026b32dad000 JavaThread "Build operations Thread 5" [_thread_blocked, id=10616, stack(0x0000008cda900000,0x0000008cdaa00000)]
  0x0000026b32da9000 JavaThread "Build operations Thread 6" [_thread_blocked, id=8908, stack(0x0000008cdaa00000,0x0000008cdab00000)]
  0x0000026b32db3800 JavaThread "Build operations Thread 7" [_thread_blocked, id=9968, stack(0x0000008cdab00000,0x0000008cdac00000)]
  0x0000026b32db0800 JavaThread "Build operations Thread 8" [_thread_blocked, id=6004, stack(0x0000008cdac00000,0x0000008cdad00000)]
  0x0000026b32db4800 JavaThread "Build operations Thread 9" [_thread_blocked, id=8300, stack(0x0000008cdad00000,0x0000008cdae00000)]
  0x0000026b32db5800 JavaThread "Build operations Thread 10" [_thread_blocked, id=8224, stack(0x0000008cdae00000,0x0000008cdaf00000)]
  0x0000026b32daf800 JavaThread "Build operations Thread 11" [_thread_blocked, id=5284, stack(0x0000008cdaf00000,0x0000008cdb000000)]
  0x0000026b32db7000 JavaThread "Build operations Thread 12" [_thread_blocked, id=6212, stack(0x0000008cdb000000,0x0000008cdb100000)]
  0x0000026b32db6000 JavaThread "jar transforms Thread 2" [_thread_blocked, id=8140, stack(0x0000008cdb100000,0x0000008cdb200000)]
  0x0000026b32db1800 JavaThread "jar transforms Thread 3" [_thread_blocked, id=3644, stack(0x0000008cdb200000,0x0000008cdb300000)]
  0x0000026b32db2000 JavaThread "jar transforms Thread 4" [_thread_blocked, id=7248, stack(0x0000008cdb300000,0x0000008cdb400000)]
  0x0000026b32db3000 JavaThread "jar transforms Thread 5" [_thread_blocked, id=3536, stack(0x0000008cdb400000,0x0000008cdb500000)]
  0x0000026b35a11000 JavaThread "jar transforms Thread 6" [_thread_blocked, id=6460, stack(0x0000008cdb500000,0x0000008cdb600000)]
  0x0000026b35a12000 JavaThread "jar transforms Thread 7" [_thread_blocked, id=9480, stack(0x0000008cdb600000,0x0000008cdb700000)]
  0x0000026b35a15000 JavaThread "jar transforms Thread 8" [_thread_blocked, id=4552, stack(0x0000008cdb700000,0x0000008cdb800000)]
  0x0000026b35a12800 JavaThread "jar transforms Thread 9" [_thread_blocked, id=5092, stack(0x0000008cdb800000,0x0000008cdb900000)]
  0x0000026b35a13800 JavaThread "jar transforms Thread 10" [_thread_blocked, id=8676, stack(0x0000008cdb900000,0x0000008cdba00000)]
  0x0000026b35a10000 JavaThread "jar transforms Thread 11" [_thread_blocked, id=5808, stack(0x0000008cdba00000,0x0000008cdbb00000)]
  0x0000026b35a16000 JavaThread "jar transforms Thread 12" [_thread_blocked, id=9028, stack(0x0000008cdbb00000,0x0000008cdbc00000)]
  0x0000026b35a16800 JavaThread "jar transforms Thread 13" [_thread_blocked, id=8964, stack(0x0000008cdbc00000,0x0000008cdbd00000)]
  0x0000026b35a17800 JavaThread "jar transforms Thread 14" [_thread_blocked, id=4680, stack(0x0000008cdbd00000,0x0000008cdbe00000)]
  0x0000026b35a18800 JavaThread "jar transforms Thread 15" [_thread_blocked, id=3480, stack(0x0000008cdbe00000,0x0000008cdbf00000)]
  0x0000026b35a19000 JavaThread "jar transforms Thread 16" [_thread_blocked, id=9888, stack(0x0000008cdbf00000,0x0000008cdc000000)]
  0x0000026b35a1a000 JavaThread "jar transforms Thread 17" [_thread_blocked, id=8032, stack(0x0000008cdc000000,0x0000008cdc100000)]
  0x0000026b35a14000 JavaThread "jar transforms Thread 18" [_thread_blocked, id=11132, stack(0x0000008cdc100000,0x0000008cdc200000)]
  0x0000026b35a1d000 JavaThread "jar transforms Thread 19" [_thread_blocked, id=10800, stack(0x0000008cdc200000,0x0000008cdc300000)]
  0x0000026b35a1b800 JavaThread "jar transforms Thread 20" [_thread_blocked, id=3740, stack(0x0000008cdc300000,0x0000008cdc400000)]
  0x0000026b35a1e000 JavaThread "jar transforms Thread 21" [_thread_blocked, id=5732, stack(0x0000008cdc400000,0x0000008cdc500000)]
  0x0000026b35a1c800 JavaThread "jar transforms Thread 22" [_thread_blocked, id=8440, stack(0x0000008cdc500000,0x0000008cdc600000)]
  0x0000026b35a1f000 JavaThread "jar transforms Thread 23" [_thread_blocked, id=3196, stack(0x0000008cdc600000,0x0000008cdc700000)]
  0x0000026b35a1b000 JavaThread "jar transforms Thread 24" [_thread_blocked, id=316, stack(0x0000008cdc700000,0x0000008cdc800000)]
  0x0000026b32ed4000 JavaThread "jar transforms Thread 25" [_thread_blocked, id=4652, stack(0x0000008cdc800000,0x0000008cdc900000)]
  0x0000026b32ed1800 JavaThread "jar transforms Thread 26" [_thread_blocked, id=3340, stack(0x0000008cdc900000,0x0000008cdca00000)]
  0x0000026b32ed2800 JavaThread "jar transforms Thread 27" [_thread_blocked, id=11048, stack(0x0000008cdca00000,0x0000008cdcb00000)]
  0x0000026b32ed4800 JavaThread "jar transforms Thread 28" [_thread_blocked, id=9812, stack(0x0000008cdcb00000,0x0000008cdcc00000)]
  0x0000026b32ecf000 JavaThread "jar transforms Thread 29" [_thread_blocked, id=6896, stack(0x0000008cdcc00000,0x0000008cdcd00000)]
  0x0000026b32ed3000 JavaThread "jar transforms Thread 30" [_thread_blocked, id=7700, stack(0x0000008cdcd00000,0x0000008cdce00000)]
  0x0000026b32ed5800 JavaThread "jar transforms Thread 31" [_thread_blocked, id=5292, stack(0x0000008cdce00000,0x0000008cdcf00000)]
  0x0000026b32ed0000 JavaThread "jar transforms Thread 32" [_thread_blocked, id=9352, stack(0x0000008cdcf00000,0x0000008cdd000000)]
  0x0000026b32ed6800 JavaThread "jar transforms Thread 33" [_thread_blocked, id=8784, stack(0x0000008cdd000000,0x0000008cdd100000)]
  0x0000026b32ed0800 JavaThread "jar transforms Thread 34" [_thread_blocked, id=9560, stack(0x0000008cdd100000,0x0000008cdd200000)]
  0x0000026b32edd000 JavaThread "jar transforms Thread 35" [_thread_blocked, id=7176, stack(0x0000008cdd200000,0x0000008cdd300000)]
  0x0000026b32ed7000 JavaThread "jar transforms Thread 36" [_thread_blocked, id=10732, stack(0x0000008cdd300000,0x0000008cdd400000)]
  0x0000026b32eda800 JavaThread "jar transforms Thread 37" [_thread_blocked, id=1628, stack(0x0000008cdd400000,0x0000008cdd500000)]
  0x0000026b32edd800 JavaThread "jar transforms Thread 38" [_thread_blocked, id=7064, stack(0x0000008cdd500000,0x0000008cdd600000)]
  0x0000026b32ed8000 JavaThread "jar transforms Thread 39" [_thread_blocked, id=10724, stack(0x0000008cdd600000,0x0000008cdd700000)]
  0x0000026b32edc000 JavaThread "jar transforms Thread 40" [_thread_blocked, id=3736, stack(0x0000008cdd700000,0x0000008cdd800000)]
  0x0000026b32ed9000 JavaThread "jar transforms Thread 41" [_thread_blocked, id=10380, stack(0x0000008cdd800000,0x0000008cdd900000)]
  0x0000026b32ed9800 JavaThread "jar transforms Thread 42" [_thread_blocked, id=10480, stack(0x0000008cdd900000,0x0000008cdda00000)]
  0x0000026b32edb000 JavaThread "jar transforms Thread 43" [_thread_blocked, id=8020, stack(0x0000008cdda00000,0x0000008cddb00000)]
  0x0000026b344d6800 JavaThread "jar transforms Thread 44" [_thread_blocked, id=4636, stack(0x0000008cddb00000,0x0000008cddc00000)]
  0x0000026b344d7800 JavaThread "jar transforms Thread 45" [_thread_blocked, id=1532, stack(0x0000008cddc00000,0x0000008cddd00000)]
  0x0000026b344d9000 JavaThread "jar transforms Thread 46" [_thread_blocked, id=9548, stack(0x0000008cddd00000,0x0000008cdde00000)]
  0x0000026b344d6000 JavaThread "jar transforms Thread 47" [_thread_blocked, id=9632, stack(0x0000008cdde00000,0x0000008cddf00000)]
  0x0000026b344d8800 JavaThread "jar transforms Thread 48" [_thread_blocked, id=7900, stack(0x0000008cddf00000,0x0000008cde000000)]
  0x0000026b344da000 JavaThread "jar transforms Thread 49" [_thread_blocked, id=4824, stack(0x0000008cde000000,0x0000008cde100000)]
  0x0000026b344d4800 JavaThread "jar transforms Thread 50" [_thread_blocked, id=4204, stack(0x0000008cde100000,0x0000008cde200000)]
  0x0000026b344db000 JavaThread "jar transforms Thread 51" [_thread_blocked, id=9828, stack(0x0000008cde200000,0x0000008cde300000)]
  0x0000026b344d5000 JavaThread "jar transforms Thread 52" [_thread_blocked, id=3588, stack(0x0000008cde300000,0x0000008cde400000)]
  0x0000026b344e1800 JavaThread "jar transforms Thread 53" [_thread_blocked, id=9272, stack(0x0000008cde400000,0x0000008cde500000)]
  0x0000026b344de000 JavaThread "jar transforms Thread 54" [_thread_blocked, id=3796, stack(0x0000008cde500000,0x0000008cde600000)]
  0x0000026b344df800 JavaThread "jar transforms Thread 55" [_thread_blocked, id=10708, stack(0x0000008cde600000,0x0000008cde700000)]
  0x0000026b344dd000 JavaThread "jar transforms Thread 56" [_thread_blocked, id=7560, stack(0x0000008cde700000,0x0000008cde800000)]
  0x0000026b344e0800 JavaThread "jar transforms Thread 57" [_thread_blocked, id=7380, stack(0x0000008cde800000,0x0000008cde900000)]
  0x0000026b344dc800 JavaThread "jar transforms Thread 58" [_thread_blocked, id=1268, stack(0x0000008cde900000,0x0000008cdea00000)]
  0x0000026b344df000 JavaThread "jar transforms Thread 59" [_thread_blocked, id=4456, stack(0x0000008cdea00000,0x0000008cdeb00000)]
  0x0000026b344db800 JavaThread "jar transforms Thread 60" [_thread_blocked, id=10096, stack(0x0000008cdeb00000,0x0000008cdec00000)]
  0x0000026b344e2000 JavaThread "jar transforms Thread 61" [_thread_blocked, id=3320, stack(0x0000008cdec00000,0x0000008cded00000)]
  0x0000026b344e3000 JavaThread "jar transforms Thread 62" [_thread_blocked, id=11076, stack(0x0000008cded00000,0x0000008cdee00000)]
  0x0000026b358b8800 JavaThread "jar transforms Thread 63" [_thread_blocked, id=1728, stack(0x0000008cdee00000,0x0000008cdef00000)]
  0x0000026b358bf000 JavaThread "jar transforms Thread 64" [_thread_blocked, id=5320, stack(0x0000008cdef00000,0x0000008cdf000000)]
  0x0000026b358be000 JavaThread "jar transforms Thread 65" [_thread_blocked, id=2504, stack(0x0000008cdf000000,0x0000008cdf100000)]
  0x0000026b358b9000 JavaThread "jar transforms Thread 66" [_thread_blocked, id=3324, stack(0x0000008cdf100000,0x0000008cdf200000)]
  0x0000026b358bf800 JavaThread "jar transforms Thread 67" [_thread_blocked, id=7016, stack(0x0000008cdf200000,0x0000008cdf300000)]
  0x0000026b358ba000 JavaThread "jar transforms Thread 68" [_thread_blocked, id=8148, stack(0x0000008cdf300000,0x0000008cdf400000)]
  0x0000026b358bc800 JavaThread "jar transforms Thread 69" [_thread_blocked, id=4784, stack(0x0000008cdf400000,0x0000008cdf500000)]
  0x0000026b358bd000 JavaThread "jar transforms Thread 70" [_thread_blocked, id=9040, stack(0x0000008cdf500000,0x0000008cdf600000)]
  0x0000026b358c0800 JavaThread "jar transforms Thread 71" [_thread_blocked, id=3160, stack(0x0000008cdf600000,0x0000008cdf700000)]
  0x0000026b358ba800 JavaThread "jar transforms Thread 72" [_thread_blocked, id=9104, stack(0x0000008cdf700000,0x0000008cdf800000)]
  0x0000026b358c1800 JavaThread "jar transforms Thread 73" [_thread_blocked, id=2740, stack(0x0000008cdf800000,0x0000008cdf900000)]
  0x0000026b358bb800 JavaThread "jar transforms Thread 74" [_thread_blocked, id=4108, stack(0x0000008cdf900000,0x0000008cdfa00000)]
  0x0000026b358c3800 JavaThread "jar transforms Thread 75" [_thread_blocked, id=7116, stack(0x0000008cdfa00000,0x0000008cdfb00000)]
  0x0000026b358c4800 JavaThread "jar transforms Thread 76" [_thread_blocked, id=5880, stack(0x0000008cdfb00000,0x0000008cdfc00000)]
  0x0000026b358c3000 JavaThread "jar transforms Thread 77" [_thread_blocked, id=2472, stack(0x0000008cdfc00000,0x0000008cdfd00000)]
  0x0000026b358c2000 JavaThread "jar transforms Thread 78" [_thread_blocked, id=7232, stack(0x0000008cdfd00000,0x0000008cdfe00000)]
  0x0000026b358c5800 JavaThread "jar transforms Thread 79" [_thread_blocked, id=4316, stack(0x0000008cdfe00000,0x0000008cdff00000)]
  0x0000026b358c6000 JavaThread "jar transforms Thread 80" [_thread_blocked, id=2500, stack(0x0000008cdff00000,0x0000008ce0000000)]
  0x0000026b358c7000 JavaThread "jar transforms Thread 81" [_thread_blocked, id=10528, stack(0x0000008ce0000000,0x0000008ce0100000)]
  0x0000026b35210000 JavaThread "jar transforms Thread 82" [_thread_blocked, id=9476, stack(0x0000008ce0100000,0x0000008ce0200000)]
  0x0000026b3520f000 JavaThread "jar transforms Thread 83" [_thread_blocked, id=1864, stack(0x0000008ce0200000,0x0000008ce0300000)]
  0x0000026b3520e800 JavaThread "jar transforms Thread 84" [_thread_blocked, id=10556, stack(0x0000008ce0300000,0x0000008ce0400000)]
  0x0000026b35211000 JavaThread "jar transforms Thread 85" [_thread_blocked, id=10564, stack(0x0000008ce0400000,0x0000008ce0500000)]
  0x0000026b3520c800 JavaThread "jar transforms Thread 86" [_thread_blocked, id=9868, stack(0x0000008ce0500000,0x0000008ce0600000)]
  0x0000026b35211800 JavaThread "jar transforms Thread 87" [_thread_blocked, id=4592, stack(0x0000008ce0600000,0x0000008ce0700000)]
  0x0000026b35212800 JavaThread "jar transforms Thread 88" [_thread_blocked, id=3620, stack(0x0000008ce0700000,0x0000008ce0800000)]
  0x0000026b35213800 JavaThread "jar transforms Thread 89" [_thread_blocked, id=10508, stack(0x0000008ce0800000,0x0000008ce0900000)]
  0x0000026b3520d800 JavaThread "jar transforms Thread 90" [_thread_blocked, id=5564, stack(0x0000008ce0900000,0x0000008ce0a00000)]
  0x0000026b35215000 JavaThread "jar transforms Thread 91" [_thread_blocked, id=4072, stack(0x0000008ce0a00000,0x0000008ce0b00000)]
  0x0000026b35216800 JavaThread "jar transforms Thread 92" [_thread_blocked, id=8780, stack(0x0000008ce0b00000,0x0000008ce0c00000)]
  0x0000026b35219000 JavaThread "jar transforms Thread 93" [_thread_blocked, id=2896, stack(0x0000008ce0c00000,0x0000008ce0d00000)]
  0x0000026b35217800 JavaThread "jar transforms Thread 94" [_thread_blocked, id=5572, stack(0x0000008ce0d00000,0x0000008ce0e00000)]
  0x0000026b35215800 JavaThread "jar transforms Thread 95" [_thread_blocked, id=3300, stack(0x0000008ce0e00000,0x0000008ce0f00000)]
  0x0000026b35218000 JavaThread "jar transforms Thread 96" [_thread_blocked, id=9052, stack(0x0000008ce0f00000,0x0000008ce1000000)]
  0x0000026b35214000 JavaThread "jar transforms Thread 97" [_thread_blocked, id=1200, stack(0x0000008ce1000000,0x0000008ce1100000)]
  0x0000026b3521a000 JavaThread "Memory manager" [_thread_blocked, id=4052, stack(0x0000008ce1200000,0x0000008ce1300000)]
  0x0000026b31ed5800 JavaThread "C2 CompilerThread1" daemon [_thread_in_native, id=7756, stack(0x0000008cd8d00000,0x0000008cd8e00000)]
  0x0000026b364b9800 JavaThread "C2 CompilerThread2" daemon [_thread_in_native, id=10740, stack(0x0000008ce1100000,0x0000008ce1200000)]
  0x0000026b3521b800 JavaThread "build event listener" [_thread_blocked, id=7624, stack(0x0000008ce1300000,0x0000008ce1400000)]
  0x0000026b3101a000 JavaThread "pool-3-thread-1" [_thread_blocked, id=7672, stack(0x0000008ce1400000,0x0000008ce1500000)]
  0x0000026b31018800 JavaThread "build event listener" [_thread_blocked, id=9620, stack(0x0000008ce1500000,0x0000008ce1600000)]
  0x0000026b31019000 JavaThread "Execution worker for ':'" [_thread_blocked, id=424, stack(0x0000008ce1600000,0x0000008ce1700000)]
  0x0000026b31017800 JavaThread "Execution worker for ':' Thread 2" [_thread_blocked, id=4620, stack(0x0000008ce1700000,0x0000008ce1800000)]
  0x0000026b31016000 JavaThread "Execution worker for ':' Thread 3" [_thread_blocked, id=9360, stack(0x0000008ce1800000,0x0000008ce1900000)]
  0x0000026b3101b000 JavaThread "Execution worker for ':' Thread 4" [_thread_blocked, id=6964, stack(0x0000008ce1900000,0x0000008ce1a00000)]
  0x0000026b3101c800 JavaThread "Execution worker for ':' Thread 5" [_thread_blocked, id=2700, stack(0x0000008ce1a00000,0x0000008ce1b00000)]
  0x0000026b3101b800 JavaThread "Execution worker for ':' Thread 6" [_thread_blocked, id=6824, stack(0x0000008ce1b00000,0x0000008ce1c00000)]
  0x0000026b31016800 JavaThread "Execution worker for ':' Thread 7" [_thread_blocked, id=9552, stack(0x0000008ce1c00000,0x0000008ce1d00000)]
  0x0000026b3101d000 JavaThread "Execution worker for ':' Thread 8" [_thread_blocked, id=8232, stack(0x0000008ce1d00000,0x0000008ce1e00000)]
  0x0000026b31023000 JavaThread "Execution worker for ':' Thread 9" [_thread_in_native, id=8372, stack(0x0000008ce1e00000,0x0000008ce1f00000)]
  0x0000026b31021800 JavaThread "Execution worker for ':' Thread 10" [_thread_blocked, id=3984, stack(0x0000008ce1f00000,0x0000008ce2000000)]
  0x0000026b31020800 JavaThread "Execution worker for ':' Thread 11" [_thread_blocked, id=9764, stack(0x0000008ce2000000,0x0000008ce2100000)]
  0x0000026b3101f800 JavaThread "Cache worker for execution history cache (C:\Users\Win10_Game_OS\Desktop\UniversityKrasnodar\UniversityKrasnodar\.gradle\6.7.1\executionHistory)" [_thread_blocked, id=9580, stack(0x0000008ce2100000,0x0000008ce2200000)]
  0x0000026b3101f000 JavaThread "WorkerExecutor Queue" [_thread_blocked, id=9612, stack(0x0000008ce2200000,0x0000008ce2300000)]
  0x0000026b31022000 JavaThread "WorkerExecutor Queue Thread 2" [_thread_blocked, id=5328, stack(0x0000008ce2300000,0x0000008ce2400000)]
  0x0000026b31023800 JavaThread "WorkerExecutor Queue Thread 3" [_thread_blocked, id=4572, stack(0x0000008ce2400000,0x0000008ce2500000)]

Other Threads:
  0x0000026b2e823000 VMThread "VM Thread" [stack: 0x0000008cd7700000,0x0000008cd7800000] [id=7924]
  0x0000026b2f344800 WatcherThread [stack: 0x0000008cd8100000,0x0000008cd8200000] [id=10132]
  0x0000026b140f1800 GCTaskThread "GC Thread#0" [stack: 0x0000008cd7200000,0x0000008cd7300000] [id=7876]
  0x0000026b2fbf4000 GCTaskThread "GC Thread#1" [stack: 0x0000008cd8300000,0x0000008cd8400000] [id=3808]
  0x0000026b2fc7b000 GCTaskThread "GC Thread#2" [stack: 0x0000008cd8400000,0x0000008cd8500000] [id=10388]
  0x0000026b306a3000 GCTaskThread "GC Thread#3" [stack: 0x0000008cd9100000,0x0000008cd9200000] [id=5540]
  0x0000026b2fb75800 GCTaskThread "GC Thread#4" [stack: 0x0000008cd9200000,0x0000008cd9300000] [id=7808]
  0x0000026b30393000 GCTaskThread "GC Thread#5" [stack: 0x0000008cd9300000,0x0000008cd9400000] [id=3444]
  0x0000026b307d3000 GCTaskThread "GC Thread#6" [stack: 0x0000008cd9400000,0x0000008cd9500000] [id=5776]
  0x0000026b30b66000 GCTaskThread "GC Thread#7" [stack: 0x0000008cd9500000,0x0000008cd9600000] [id=3268]
  0x0000026b30270800 GCTaskThread "GC Thread#8" [stack: 0x0000008cd9600000,0x0000008cd9700000] [id=8220]
  0x0000026b31439800 GCTaskThread "GC Thread#9" [stack: 0x0000008cd9700000,0x0000008cd9800000] [id=10648]
  0x0000026b14123800 ConcurrentGCThread "G1 Main Marker" [stack: 0x0000008cd7300000,0x0000008cd7400000] [id=2448]
  0x0000026b14125800 ConcurrentGCThread "G1 Conc#0" [stack: 0x0000008cd7400000,0x0000008cd7500000] [id=1680]
  0x0000026b31f0d800 ConcurrentGCThread "G1 Conc#1" [stack: 0x0000008cd9a00000,0x0000008cd9b00000] [id=4476]
  0x0000026b30aeb800 ConcurrentGCThread "G1 Conc#2" [stack: 0x0000008cd9b00000,0x0000008cd9c00000] [id=10796]
  0x0000026b2e670800 ConcurrentGCThread "G1 Refine#0" [stack: 0x0000008cd7500000,0x0000008cd7600000] [id=5180]
  0x0000026b2e671800 ConcurrentGCThread "G1 Young RemSet Sampling" [stack: 0x0000008cd7600000,0x0000008cd7700000] [id=3140]

Threads with active compile tasks:
C2 CompilerThread0  11850 9061       4       com.android.utils.XmlUtils::append (647 bytes)
C2 CompilerThread1  11850 9113       4       com.android.ide.common.resources.NodeUtils::updateNamespace (161 bytes)
C2 CompilerThread2  11850 8899 % !   4       com.android.ide.common.resources.DataMerger::mergeData @ 247 (611 bytes)

VM state:not at safepoint (normal execution)

VM Mutex/Monitor currently owned by a thread: None

Heap address: 0x0000000080000000, size: 2048 MB, Compressed Oops mode: 32-bit
Narrow klass base: 0x0000000000000000, Narrow klass shift: 3
Compressed class space size: 1073741824 Address: 0x0000000100000000

Heap:
 garbage-first heap   total 155648K, used 119047K [0x0000000080000000, 0x0000000100000000)
  region size 1024K, 54 young (55296K), 9 survivors (9216K)
 Metaspace       used 78161K, capacity 80213K, committed 80256K, reserved 1118208K
  class space    used 10146K, capacity 10849K, committed 10880K, reserved 1048576K
Heap Regions: E=young(eden), S=young(survivor), O=old, HS=humongous(starts), HC=humongous(continues), CS=collection set, F=free, A=archive, TAMS=top-at-mark-start (previous, next)
|   0|0x0000000080000000, 0x0000000080100000, 0x0000000080100000|100%| O|  |TAMS 0x0000000080100000, 0x0000000080000000| Untracked 
|   1|0x0000000080100000, 0x0000000080200000, 0x0000000080200000|100%| O|  |TAMS 0x0000000080200000, 0x0000000080100000| Untracked 
|   2|0x0000000080200000, 0x0000000080300000, 0x0000000080300000|100%| O|  |TAMS 0x0000000080300000, 0x0000000080200000| Untracked 
|   3|0x0000000080300000, 0x0000000080400000, 0x0000000080400000|100%|HS|  |TAMS 0x0000000080400000, 0x0000000080300000| Complete 
|   4|0x0000000080400000, 0x0000000080500000, 0x0000000080500000|100%|HC|  |TAMS 0x0000000080500000, 0x0000000080400000| Complete 
|   5|0x0000000080500000, 0x0000000080600000, 0x0000000080600000|100%|HC|  |TAMS 0x0000000080600000, 0x0000000080500000| Complete 
|   6|0x0000000080600000, 0x0000000080700000, 0x0000000080700000|100%| O|  |TAMS 0x0000000080700000, 0x0000000080600000| Untracked 
|   7|0x0000000080700000, 0x0000000080800000, 0x0000000080800000|100%| O|  |TAMS 0x0000000080800000, 0x0000000080700000| Untracked 
|   8|0x0000000080800000, 0x0000000080900000, 0x0000000080900000|100%| O|  |TAMS 0x0000000080900000, 0x0000000080800000| Untracked 
|   9|0x0000000080900000, 0x0000000080a00000, 0x0000000080a00000|100%| O|  |TAMS 0x0000000080a00000, 0x0000000080900000| Untracked 
|  10|0x0000000080a00000, 0x0000000080b00000, 0x0000000080b00000|100%| O|  |TAMS 0x0000000080b00000, 0x0000000080a00000| Untracked 
|  11|0x0000000080b00000, 0x0000000080c00000, 0x0000000080c00000|100%| O|  |TAMS 0x0000000080c00000, 0x0000000080b00000| Untracked 
|  12|0x0000000080c00000, 0x0000000080d00000, 0x0000000080d00000|100%| O|  |TAMS 0x0000000080d00000, 0x0000000080c00000| Untracked 
|  13|0x0000000080d00000, 0x0000000080e00000, 0x0000000080e00000|100%| O|  |TAMS 0x0000000080e00000, 0x0000000080d00000| Untracked 
|  14|0x0000000080e00000, 0x0000000080f00000, 0x0000000080f00000|100%| O|  |TAMS 0x0000000080f00000, 0x0000000080e00000| Untracked 
|  15|0x0000000080f00000, 0x0000000081000000, 0x0000000081000000|100%| O|  |TAMS 0x0000000081000000, 0x0000000080f00000| Untracked 
|  16|0x0000000081000000, 0x0000000081100000, 0x0000000081100000|100%| O|  |TAMS 0x0000000081100000, 0x0000000081000000| Untracked 
|  17|0x0000000081100000, 0x0000000081200000, 0x0000000081200000|100%| O|  |TAMS 0x0000000081200000, 0x0000000081100000| Untracked 
|  18|0x0000000081200000, 0x0000000081300000, 0x0000000081300000|100%| O|  |TAMS 0x0000000081300000, 0x0000000081200000| Untracked 
|  19|0x0000000081300000, 0x0000000081400000, 0x0000000081400000|100%|HS|  |TAMS 0x0000000081400000, 0x0000000081300000| Complete 
|  20|0x0000000081400000, 0x0000000081500000, 0x0000000081500000|100%| O|  |TAMS 0x0000000081500000, 0x0000000081400000| Untracked 
|  21|0x0000000081500000, 0x0000000081600000, 0x0000000081600000|100%| O|  |TAMS 0x0000000081600000, 0x0000000081500000| Untracked 
|  22|0x0000000081600000, 0x0000000081700000, 0x0000000081700000|100%|HS|  |TAMS 0x0000000081700000, 0x0000000081600000| Complete 
|  23|0x0000000081700000, 0x0000000081800000, 0x0000000081800000|100%|HC|  |TAMS 0x0000000081800000, 0x0000000081700000| Complete 
|  24|0x0000000081800000, 0x0000000081900000, 0x0000000081900000|100%| O|  |TAMS 0x0000000081900000, 0x0000000081800000| Untracked 
|  25|0x0000000081900000, 0x0000000081a00000, 0x0000000081a00000|100%| O|  |TAMS 0x0000000081a00000, 0x0000000081900000| Untracked 
|  26|0x0000000081a00000, 0x0000000081b00000, 0x0000000081b00000|100%| O|  |TAMS 0x0000000081b00000, 0x0000000081a00000| Untracked 
|  27|0x0000000081b00000, 0x0000000081c00000, 0x0000000081c00000|100%| O|  |TAMS 0x0000000081c00000, 0x0000000081b00000| Untracked 
|  28|0x0000000081c00000, 0x0000000081d00000, 0x0000000081d00000|100%| O|  |TAMS 0x0000000081d00000, 0x0000000081c00000| Untracked 
|  29|0x0000000081d00000, 0x0000000081e00000, 0x0000000081e00000|100%| O|  |TAMS 0x0000000081d00000, 0x0000000081d00000| Untracked 
|  30|0x0000000081e00000, 0x0000000081f00000, 0x0000000081f00000|100%| O|  |TAMS 0x0000000081f00000, 0x0000000081e00000| Untracked 
|  31|0x0000000081f00000, 0x0000000082000000, 0x0000000082000000|100%| O|  |TAMS 0x0000000082000000, 0x0000000081f00000| Untracked 
|  32|0x0000000082000000, 0x0000000082100000, 0x0000000082100000|100%| O|  |TAMS 0x0000000082100000, 0x0000000082000000| Untracked 
|  33|0x0000000082100000, 0x0000000082200000, 0x0000000082200000|100%| O|  |TAMS 0x0000000082200000, 0x0000000082100000| Untracked 
|  34|0x0000000082200000, 0x0000000082300000, 0x0000000082300000|100%| O|  |TAMS 0x0000000082300000, 0x0000000082200000| Untracked 
|  35|0x0000000082300000, 0x0000000082400000, 0x0000000082400000|100%| O|  |TAMS 0x0000000082400000, 0x0000000082300000| Untracked 
|  36|0x0000000082400000, 0x0000000082500000, 0x0000000082500000|100%| O|  |TAMS 0x0000000082500000, 0x0000000082400000| Untracked 
|  37|0x0000000082500000, 0x0000000082600000, 0x0000000082600000|100%| O|  |TAMS 0x0000000082600000, 0x0000000082500000| Untracked 
|  38|0x0000000082600000, 0x0000000082700000, 0x0000000082700000|100%| O|  |TAMS 0x0000000082697000, 0x0000000082600000| Untracked 
|  39|0x0000000082700000, 0x0000000082800000, 0x0000000082800000|100%| O|  |TAMS 0x0000000082700000, 0x0000000082700000| Untracked 
|  40|0x0000000082800000, 0x0000000082900000, 0x0000000082900000|100%| O|  |TAMS 0x0000000082800000, 0x0000000082800000| Untracked 
|  41|0x0000000082900000, 0x0000000082a00000, 0x0000000082a00000|100%| O|  |TAMS 0x0000000082900000, 0x0000000082900000| Untracked 
|  42|0x0000000082a00000, 0x0000000082b00000, 0x0000000082b00000|100%| O|  |TAMS 0x0000000082a00000, 0x0000000082a00000| Untracked 
|  43|0x0000000082b00000, 0x0000000082c00000, 0x0000000082c00000|100%| O|  |TAMS 0x0000000082b00000, 0x0000000082b00000| Untracked 
|  44|0x0000000082c00000, 0x0000000082d00000, 0x0000000082d00000|100%| O|  |TAMS 0x0000000082c00000, 0x0000000082c00000| Untracked 
|  45|0x0000000082d00000, 0x0000000082e00000, 0x0000000082e00000|100%| O|  |TAMS 0x0000000082d00000, 0x0000000082d00000| Untracked 
|  46|0x0000000082e00000, 0x0000000082f00000, 0x0000000082f00000|100%| O|  |TAMS 0x0000000082e00000, 0x0000000082e00000| Untracked 
|  47|0x0000000082f00000, 0x0000000083000000, 0x0000000083000000|100%| O|  |TAMS 0x0000000082f00000, 0x0000000082f00000| Untracked 
|  48|0x0000000083000000, 0x0000000083100000, 0x0000000083100000|100%| O|  |TAMS 0x0000000083000000, 0x0000000083000000| Untracked 
|  49|0x0000000083100000, 0x0000000083200000, 0x0000000083200000|100%| O|  |TAMS 0x0000000083100000, 0x0000000083100000| Untracked 
|  50|0x0000000083200000, 0x0000000083300000, 0x0000000083300000|100%|HS|  |TAMS 0x0000000083200000, 0x0000000083200000| Complete 
|  51|0x0000000083300000, 0x0000000083400000, 0x0000000083400000|100%|HS|  |TAMS 0x0000000083300000, 0x0000000083300000| Complete 
|  52|0x0000000083400000, 0x0000000083500000, 0x0000000083500000|100%|HS|  |TAMS 0x0000000083400000, 0x0000000083400000| Complete 
|  53|0x0000000083500000, 0x0000000083600000, 0x0000000083600000|100%| O|  |TAMS 0x0000000083500000, 0x0000000083500000| Untracked 
|  54|0x0000000083600000, 0x0000000083700000, 0x0000000083700000|100%| O|  |TAMS 0x0000000083600000, 0x0000000083600000| Untracked 
|  55|0x0000000083700000, 0x0000000083800000, 0x0000000083800000|100%| O|  |TAMS 0x0000000083700000, 0x0000000083700000| Untracked 
|  56|0x0000000083800000, 0x0000000083900000, 0x0000000083900000|100%| O|  |TAMS 0x0000000083800000, 0x0000000083800000| Untracked 
|  57|0x0000000083900000, 0x0000000083a00000, 0x0000000083a00000|100%| O|  |TAMS 0x0000000083900000, 0x0000000083900000| Untracked 
|  58|0x0000000083a00000, 0x0000000083b00000, 0x0000000083b00000|100%| O|  |TAMS 0x0000000083a00000, 0x0000000083a00000| Untracked 
|  59|0x0000000083b00000, 0x0000000083c00000, 0x0000000083c00000|100%| O|  |TAMS 0x0000000083b00000, 0x0000000083b00000| Untracked 
|  60|0x0000000083c00000, 0x0000000083d00000, 0x0000000083d00000|100%| O|  |TAMS 0x0000000083c00000, 0x0000000083c00000| Untracked 
|  61|0x0000000083d00000, 0x0000000083e00000, 0x0000000083e00000|100%| O|  |TAMS 0x0000000083d00000, 0x0000000083d00000| Untracked 
|  62|0x0000000083e00000, 0x0000000083f00000, 0x0000000083f00000|100%| O|  |TAMS 0x0000000083e00000, 0x0000000083e00000| Untracked 
|  63|0x0000000083f00000, 0x0000000083f41c00, 0x0000000084000000| 25%| O|  |TAMS 0x0000000083f00000, 0x0000000083f00000| Untracked 
|  64|0x0000000084000000, 0x0000000084100000, 0x0000000084100000|100%|HS|  |TAMS 0x0000000084000000, 0x0000000084000000| Complete 
|  65|0x0000000084100000, 0x0000000084100000, 0x0000000084200000|  0%| F|  |TAMS 0x0000000084100000, 0x0000000084100000| Untracked 
|  66|0x0000000084200000, 0x0000000084200000, 0x0000000084300000|  0%| F|  |TAMS 0x0000000084200000, 0x0000000084200000| Untracked 
|  67|0x0000000084300000, 0x0000000084300000, 0x0000000084400000|  0%| F|  |TAMS 0x0000000084300000, 0x0000000084300000| Untracked 
|  68|0x0000000084400000, 0x0000000084400000, 0x0000000084500000|  0%| F|  |TAMS 0x0000000084400000, 0x0000000084400000| Untracked 
|  69|0x0000000084500000, 0x0000000084500000, 0x0000000084600000|  0%| F|  |TAMS 0x0000000084500000, 0x0000000084500000| Untracked 
|  70|0x0000000084600000, 0x0000000084600000, 0x0000000084700000|  0%| F|  |TAMS 0x0000000084600000, 0x0000000084600000| Untracked 
|  71|0x0000000084700000, 0x0000000084700000, 0x0000000084800000|  0%| F|  |TAMS 0x0000000084700000, 0x0000000084700000| Untracked 
|  72|0x0000000084800000, 0x0000000084800000, 0x0000000084900000|  0%| F|  |TAMS 0x0000000084800000, 0x0000000084800000| Untracked 
|  73|0x0000000084900000, 0x0000000084900000, 0x0000000084a00000|  0%| F|  |TAMS 0x0000000084900000, 0x0000000084900000| Untracked 
|  74|0x0000000084a00000, 0x0000000084a00000, 0x0000000084b00000|  0%| F|  |TAMS 0x0000000084a00000, 0x0000000084a00000| Untracked 
|  75|0x0000000084b00000, 0x0000000084c00000, 0x0000000084c00000|100%| S|CS|TAMS 0x0000000084b00000, 0x0000000084b00000| Complete 
|  76|0x0000000084c00000, 0x0000000084d00000, 0x0000000084d00000|100%| S|CS|TAMS 0x0000000084c00000, 0x0000000084c00000| Complete 
|  77|0x0000000084d00000, 0x0000000084e00000, 0x0000000084e00000|100%| S|CS|TAMS 0x0000000084d00000, 0x0000000084d00000| Complete 
|  78|0x0000000084e00000, 0x0000000084f00000, 0x0000000084f00000|100%| S|CS|TAMS 0x0000000084e00000, 0x0000000084e00000| Complete 
|  79|0x0000000084f00000, 0x0000000085000000, 0x0000000085000000|100%| S|CS|TAMS 0x0000000084f00000, 0x0000000084f00000| Complete 
|  80|0x0000000085000000, 0x0000000085100000, 0x0000000085100000|100%| S|CS|TAMS 0x0000000085000000, 0x0000000085000000| Complete 
|  81|0x0000000085100000, 0x0000000085100000, 0x0000000085200000|  0%| F|  |TAMS 0x0000000085100000, 0x0000000085100000| Untracked 
|  82|0x0000000085200000, 0x0000000085200000, 0x0000000085300000|  0%| F|  |TAMS 0x0000000085200000, 0x0000000085200000| Untracked 
|  83|0x0000000085300000, 0x0000000085300000, 0x0000000085400000|  0%| F|  |TAMS 0x0000000085300000, 0x0000000085300000| Untracked 
|  84|0x0000000085400000, 0x0000000085400000, 0x0000000085500000|  0%| F|  |TAMS 0x0000000085400000, 0x0000000085400000| Untracked 
|  85|0x0000000085500000, 0x0000000085500000, 0x0000000085600000|  0%| F|  |TAMS 0x0000000085500000, 0x0000000085500000| Untracked 
|  86|0x0000000085600000, 0x0000000085600000, 0x0000000085700000|  0%| F|  |TAMS 0x0000000085600000, 0x0000000085600000| Untracked 
|  87|0x0000000085700000, 0x0000000085700000, 0x0000000085800000|  0%| F|  |TAMS 0x0000000085700000, 0x0000000085700000| Untracked 
|  88|0x0000000085800000, 0x0000000085800000, 0x0000000085900000|  0%| F|  |TAMS 0x0000000085800000, 0x0000000085800000| Untracked 
|  89|0x0000000085900000, 0x0000000085a00000, 0x0000000085a00000|100%| S|CS|TAMS 0x0000000085900000, 0x0000000085900000| Complete 
|  90|0x0000000085a00000, 0x0000000085b00000, 0x0000000085b00000|100%| S|CS|TAMS 0x0000000085a00000, 0x0000000085a00000| Complete 
|  91|0x0000000085b00000, 0x0000000085c00000, 0x0000000085c00000|100%| S|CS|TAMS 0x0000000085b00000, 0x0000000085b00000| Complete 
|  92|0x0000000085c00000, 0x0000000085c00000, 0x0000000085d00000|  0%| F|  |TAMS 0x0000000085c00000, 0x0000000085c00000| Untracked 
|  93|0x0000000085d00000, 0x0000000085d00000, 0x0000000085e00000|  0%| F|  |TAMS 0x0000000085d00000, 0x0000000085d00000| Untracked 
|  94|0x0000000085e00000, 0x0000000085e00000, 0x0000000085f00000|  0%| F|  |TAMS 0x0000000085e00000, 0x0000000085e00000| Untracked 
|  95|0x0000000085f00000, 0x0000000085f00000, 0x0000000086000000|  0%| F|  |TAMS 0x0000000085f00000, 0x0000000085f00000| Untracked 
|  96|0x0000000086000000, 0x0000000086000000, 0x0000000086100000|  0%| F|  |TAMS 0x0000000086000000, 0x0000000086000000| Untracked 
|  97|0x0000000086100000, 0x0000000086100000, 0x0000000086200000|  0%| F|  |TAMS 0x0000000086100000, 0x0000000086100000| Untracked 
|  98|0x0000000086200000, 0x0000000086200000, 0x0000000086300000|  0%| F|  |TAMS 0x0000000086200000, 0x0000000086200000| Untracked 
|  99|0x0000000086300000, 0x0000000086300000, 0x0000000086400000|  0%| F|  |TAMS 0x0000000086300000, 0x0000000086300000| Untracked 
| 100|0x0000000086400000, 0x0000000086400000, 0x0000000086500000|  0%| F|  |TAMS 0x0000000086400000, 0x0000000086400000| Untracked 
| 101|0x0000000086500000, 0x0000000086500000, 0x0000000086600000|  0%| F|  |TAMS 0x0000000086500000, 0x0000000086500000| Untracked 
| 102|0x0000000086600000, 0x0000000086600000, 0x0000000086700000|  0%| F|  |TAMS 0x0000000086600000, 0x0000000086600000| Untracked 
| 103|0x0000000086700000, 0x0000000086700000, 0x0000000086800000|  0%| F|  |TAMS 0x0000000086700000, 0x0000000086700000| Untracked 
| 104|0x0000000086800000, 0x0000000086800000, 0x0000000086900000|  0%| F|  |TAMS 0x0000000086800000, 0x0000000086800000| Untracked 
| 105|0x0000000086900000, 0x0000000086900000, 0x0000000086a00000|  0%| F|  |TAMS 0x0000000086900000, 0x0000000086900000| Untracked 
| 106|0x0000000086a00000, 0x0000000086a00000, 0x0000000086b00000|  0%| F|  |TAMS 0x0000000086a00000, 0x0000000086a00000| Untracked 
| 107|0x0000000086b00000, 0x0000000086bf8128, 0x0000000086c00000| 96%| E|  |TAMS 0x0000000086b00000, 0x0000000086b00000| Complete 
| 108|0x0000000086c00000, 0x0000000086d00000, 0x0000000086d00000|100%| E|CS|TAMS 0x0000000086c00000, 0x0000000086c00000| Complete 
| 109|0x0000000086d00000, 0x0000000086e00000, 0x0000000086e00000|100%| E|CS|TAMS 0x0000000086d00000, 0x0000000086d00000| Complete 
| 110|0x0000000086e00000, 0x0000000086f00000, 0x0000000086f00000|100%| E|CS|TAMS 0x0000000086e00000, 0x0000000086e00000| Complete 
| 111|0x0000000086f00000, 0x0000000087000000, 0x0000000087000000|100%| E|CS|TAMS 0x0000000086f00000, 0x0000000086f00000| Complete 
| 112|0x0000000087000000, 0x0000000087100000, 0x0000000087100000|100%| E|CS|TAMS 0x0000000087000000, 0x0000000087000000| Complete 
| 113|0x0000000087100000, 0x0000000087200000, 0x0000000087200000|100%| E|CS|TAMS 0x0000000087100000, 0x0000000087100000| Complete 
| 114|0x0000000087200000, 0x0000000087300000, 0x0000000087300000|100%| E|CS|TAMS 0x0000000087200000, 0x0000000087200000| Complete 
| 115|0x0000000087300000, 0x0000000087400000, 0x0000000087400000|100%| E|CS|TAMS 0x0000000087300000, 0x0000000087300000| Complete 
| 116|0x0000000087400000, 0x0000000087500000, 0x0000000087500000|100%| E|CS|TAMS 0x0000000087400000, 0x0000000087400000| Complete 
| 117|0x0000000087500000, 0x0000000087600000, 0x0000000087600000|100%| E|CS|TAMS 0x0000000087500000, 0x0000000087500000| Complete 
| 118|0x0000000087600000, 0x0000000087700000, 0x0000000087700000|100%| E|CS|TAMS 0x0000000087600000, 0x0000000087600000| Complete 
| 119|0x0000000087700000, 0x0000000087800000, 0x0000000087800000|100%| E|CS|TAMS 0x0000000087700000, 0x0000000087700000| Complete 
| 120|0x0000000087800000, 0x0000000087900000, 0x0000000087900000|100%| E|CS|TAMS 0x0000000087800000, 0x0000000087800000| Complete 
| 121|0x0000000087900000, 0x0000000087a00000, 0x0000000087a00000|100%| E|CS|TAMS 0x0000000087900000, 0x0000000087900000| Complete 
| 122|0x0000000087a00000, 0x0000000087b00000, 0x0000000087b00000|100%| E|  |TAMS 0x0000000087a00000, 0x0000000087a00000| Complete 
| 123|0x0000000087b00000, 0x0000000087c00000, 0x0000000087c00000|100%| E|CS|TAMS 0x0000000087b00000, 0x0000000087b00000| Complete 
| 124|0x0000000087c00000, 0x0000000087d00000, 0x0000000087d00000|100%| E|CS|TAMS 0x0000000087c00000, 0x0000000087c00000| Complete 
| 125|0x0000000087d00000, 0x0000000087e00000, 0x0000000087e00000|100%| E|CS|TAMS 0x0000000087d00000, 0x0000000087d00000| Complete 
| 126|0x0000000087e00000, 0x0000000087f00000, 0x0000000087f00000|100%| E|CS|TAMS 0x0000000087e00000, 0x0000000087e00000| Complete 
| 127|0x0000000087f00000, 0x0000000088000000, 0x0000000088000000|100%| E|CS|TAMS 0x0000000087f00000, 0x0000000087f00000| Complete 
| 128|0x0000000088000000, 0x0000000088100000, 0x0000000088100000|100%| E|CS|TAMS 0x0000000088000000, 0x0000000088000000| Complete 
| 129|0x0000000088100000, 0x0000000088200000, 0x0000000088200000|100%| E|CS|TAMS 0x0000000088100000, 0x0000000088100000| Complete 
| 130|0x0000000088200000, 0x0000000088300000, 0x0000000088300000|100%| E|CS|TAMS 0x0000000088200000, 0x0000000088200000| Complete 
| 131|0x0000000088300000, 0x0000000088400000, 0x0000000088400000|100%| E|CS|TAMS 0x0000000088300000, 0x0000000088300000| Complete 
| 132|0x0000000088400000, 0x0000000088500000, 0x0000000088500000|100%| E|CS|TAMS 0x0000000088400000, 0x0000000088400000| Complete 
| 133|0x0000000088500000, 0x0000000088600000, 0x0000000088600000|100%| E|CS|TAMS 0x0000000088500000, 0x0000000088500000| Complete 
| 134|0x0000000088600000, 0x0000000088700000, 0x0000000088700000|100%| E|CS|TAMS 0x0000000088600000, 0x0000000088600000| Complete 
| 135|0x0000000088700000, 0x0000000088800000, 0x0000000088800000|100%| E|CS|TAMS 0x0000000088700000, 0x0000000088700000| Complete 
| 136|0x0000000088800000, 0x0000000088900000, 0x0000000088900000|100%| E|CS|TAMS 0x0000000088800000, 0x0000000088800000| Complete 
| 137|0x0000000088900000, 0x0000000088a00000, 0x0000000088a00000|100%| E|CS|TAMS 0x0000000088900000, 0x0000000088900000| Complete 
| 138|0x0000000088a00000, 0x0000000088b00000, 0x0000000088b00000|100%| E|CS|TAMS 0x0000000088a00000, 0x0000000088a00000| Complete 
| 139|0x0000000088b00000, 0x0000000088c00000, 0x0000000088c00000|100%| E|CS|TAMS 0x0000000088b00000, 0x0000000088b00000| Complete 
| 140|0x0000000088c00000, 0x0000000088d00000, 0x0000000088d00000|100%| E|CS|TAMS 0x0000000088c00000, 0x0000000088c00000| Complete 
| 141|0x0000000088d00000, 0x0000000088e00000, 0x0000000088e00000|100%| E|CS|TAMS 0x0000000088d00000, 0x0000000088d00000| Complete 
| 142|0x0000000088e00000, 0x0000000088f00000, 0x0000000088f00000|100%| E|CS|TAMS 0x0000000088e00000, 0x0000000088e00000| Complete 
| 143|0x0000000088f00000, 0x0000000089000000, 0x0000000089000000|100%| E|CS|TAMS 0x0000000088f00000, 0x0000000088f00000| Complete 
| 144|0x0000000089000000, 0x0000000089100000, 0x0000000089100000|100%| E|CS|TAMS 0x0000000089000000, 0x0000000089000000| Complete 
| 145|0x0000000089100000, 0x0000000089200000, 0x0000000089200000|100%| E|CS|TAMS 0x0000000089100000, 0x0000000089100000| Complete 
| 146|0x0000000089200000, 0x0000000089300000, 0x0000000089300000|100%| E|CS|TAMS 0x0000000089200000, 0x0000000089200000| Complete 
| 147|0x0000000089300000, 0x0000000089400000, 0x0000000089400000|100%| E|CS|TAMS 0x0000000089300000, 0x0000000089300000| Complete 
| 148|0x0000000089400000, 0x0000000089500000, 0x0000000089500000|100%| E|CS|TAMS 0x0000000089400000, 0x0000000089400000| Complete 
| 149|0x0000000089500000, 0x0000000089600000, 0x0000000089600000|100%| E|CS|TAMS 0x0000000089500000, 0x0000000089500000| Complete 
| 150|0x0000000089600000, 0x0000000089700000, 0x0000000089700000|100%| E|CS|TAMS 0x0000000089600000, 0x0000000089600000| Complete 
| 151|0x0000000089700000, 0x0000000089800000, 0x0000000089800000|100%| E|CS|TAMS 0x0000000089700000, 0x0000000089700000| Complete 

Card table byte_map: [0x0000026b273b0000,0x0000026b277b0000] _byte_map_base: 0x0000026b26fb0000

Marking Bits (Prev, Next): (CMBitMap*) 0x0000026b1411a860, (CMBitMap*) 0x0000026b1411a828
 Prev Bits: [0x0000026b29bb0000, 0x0000026b2bbb0000)
 Next Bits: [0x0000026b27bb0000, 0x0000026b29bb0000)

Polling page: 0x0000026b12040000

Metaspace:

Usage:
  Non-class:     67.74 MB capacity,    66.42 MB ( 98%) used,     1.11 MB (  2%) free+waste,   209.50 KB ( <1%) overhead. 
      Class:     10.59 MB capacity,     9.91 MB ( 94%) used,   605.63 KB (  6%) free+waste,    97.13 KB ( <1%) overhead. 
       Both:     78.33 MB capacity,    76.33 MB ( 97%) used,     1.70 MB (  2%) free+waste,   306.63 KB ( <1%) overhead. 

Virtual space:
  Non-class space:       68.00 MB reserved,      67.75 MB (>99%) committed 
      Class space:        1.00 GB reserved,      10.63 MB (  1%) committed 
             Both:        1.07 GB reserved,      78.38 MB (  7%) committed 

Chunk freelists:
   Non-Class:  12.00 KB
       Class:  0 bytes
        Both:  12.00 KB

MaxMetaspaceSize: 17179869184.00 GB
CompressedClassSpaceSize: 1.00 GB

CodeHeap 'non-profiled nmethods': size=120000Kb used=5851Kb max_used=5851Kb free=114148Kb
 bounds [0x0000026b1f530000, 0x0000026b1faf0000, 0x0000026b26a60000]
CodeHeap 'profiled nmethods': size=120000Kb used=19212Kb max_used=19212Kb free=100787Kb
 bounds [0x0000026b18000000, 0x0000026b192d0000, 0x0000026b1f530000]
CodeHeap 'non-nmethods': size=5760Kb used=2248Kb max_used=2296Kb free=3511Kb
 bounds [0x0000026b17a60000, 0x0000026b17cd0000, 0x0000026b18000000]
 total_blobs=9721 nmethods=8884 adapters=748
 compilation: enabled
              stopped_count=0, restarted_count=0
 full_count=0

Compilation events (20 events):
Event: 11.745 Thread 0x0000026b2f1c2800 9130       3       sun.nio.cs.UTF_8::updatePositions (23 bytes)
Event: 11.745 Thread 0x0000026b2f1c2800 nmethod 9130 0x0000026b192bc410 code [0x0000026b192bc600, 0x0000026b192bc9f8]
Event: 11.747 Thread 0x0000026b2f1c2800 9131       3       org.apache.xerces.dom.CoreDocumentImpl::insertBefore (134 bytes)
Event: 11.748 Thread 0x0000026b2f1c2800 nmethod 9131 0x0000026b192bcb90 code [0x0000026b192bce00, 0x0000026b192bdbb8]
Event: 11.759 Thread 0x0000026b2f1c2800 9132       3       java.util.ComparableTimSort::ensureCapacity (64 bytes)
Event: 11.759 Thread 0x0000026b2f1c2800 nmethod 9132 0x0000026b192bde90 code [0x0000026b192be060, 0x0000026b192be408]
Event: 11.770 Thread 0x0000026b2f1c2800 9135       3       com.google.common.cache.LocalCache$Segment::drainRecencyQueue (45 bytes)
Event: 11.770 Thread 0x0000026b2f1c2800 nmethod 9135 0x0000026b192be590 code [0x0000026b192be7a0, 0x0000026b192bed68]
Event: 11.786 Thread 0x0000026b2f1c2800 9136       3       java.util.concurrent.atomic.AtomicReferenceArray::<init> (13 bytes)
Event: 11.787 Thread 0x0000026b2f1c2800 nmethod 9136 0x0000026b192bef10 code [0x0000026b192bf0c0, 0x0000026b192bf318]
Event: 11.792 Thread 0x0000026b2f1c2800 9138       3       com.google.common.collect.AbstractMapBasedMultimap$WrappedCollection::iterator (13 bytes)
Event: 11.793 Thread 0x0000026b2f1c2800 nmethod 9138 0x0000026b192bf410 code [0x0000026b192bf640, 0x0000026b192bfea8]
Event: 11.799 Thread 0x0000026b2f1c2800 9139       3       java.util.List::sort (66 bytes)
Event: 11.800 Thread 0x0000026b2f1c2800 nmethod 9139 0x0000026b192c0090 code [0x0000026b192c02a0, 0x0000026b192c07a8]
Event: 11.801 Thread 0x0000026b2f1c2800 9140       3       java.util.ComparableTimSort::mergeAt (356 bytes)
Event: 11.802 Thread 0x0000026b2f1c2800 nmethod 9140 0x0000026b192c0990 code [0x0000026b192c0bc0, 0x0000026b192c1358]
Event: 11.809 Thread 0x0000026b2f1c2800 9141       3       com.google.common.cache.LocalCache::expiresAfterWrite (15 bytes)
Event: 11.810 Thread 0x0000026b2f1c2800 nmethod 9141 0x0000026b192c1690 code [0x0000026b192c1840, 0x0000026b192c19b8]
Event: 11.821 Thread 0x0000026b2f1c2800 9142       3       java.util.Formatter$Conversion::isInteger (48 bytes)
Event: 11.821 Thread 0x0000026b2f1c2800 nmethod 9142 0x0000026b192c1a90 code [0x0000026b192c1c40, 0x0000026b192c1dd8]

GC Heap History (20 events):
Event: 3.536 GC heap before
{Heap before GC invocations=5 (full 0):
 garbage-first heap   total 129024K, used 64260K [0x0000000080000000, 0x0000000100000000)
  region size 1024K, 49 young (50176K), 3 survivors (3072K)
 Metaspace       used 35096K, capacity 35813K, committed 35840K, reserved 1081344K
  class space    used 4569K, capacity 4856K, committed 4864K, reserved 1048576K
}
Event: 3.544 GC heap after
{Heap after GC invocations=6 (full 0):
 garbage-first heap   total 129024K, used 21329K [0x0000000080000000, 0x0000000100000000)
  region size 1024K, 6 young (6144K), 6 survivors (6144K)
 Metaspace       used 35096K, capacity 35813K, committed 35840K, reserved 1081344K
  class space    used 4569K, capacity 4856K, committed 4864K, reserved 1048576K
}
Event: 4.248 GC heap before
{Heap before GC invocations=7 (full 0):
 garbage-first heap   total 129024K, used 85841K [0x0000000080000000, 0x0000000100000000)
  region size 1024K, 66 young (67584K), 6 survivors (6144K)
 Metaspace       used 41031K, capacity 41941K, committed 42240K, reserved 1085440K
  class space    used 5255K, capacity 5571K, committed 5632K, reserved 1048576K
}
Event: 4.258 GC heap after
{Heap after GC invocations=8 (full 0):
 garbage-first heap   total 129024K, used 24529K [0x0000000080000000, 0x0000000100000000)
  region size 1024K, 7 young (7168K), 7 survivors (7168K)
 Metaspace       used 41031K, capacity 41941K, committed 42240K, reserved 1085440K
  class space    used 5255K, capacity 5571K, committed 5632K, reserved 1048576K
}
Event: 5.008 GC heap before
{Heap before GC invocations=8 (full 0):
 garbage-first heap   total 129024K, used 85969K [0x0000000080000000, 0x0000000100000000)
  region size 1024K, 68 young (69632K), 7 survivors (7168K)
 Metaspace       used 44276K, capacity 45411K, committed 45568K, reserved 1089536K
  class space    used 5680K, capacity 6088K, committed 6144K, reserved 1048576K
}
Event: 5.013 GC heap after
{Heap after GC invocations=9 (full 0):
 garbage-first heap   total 129024K, used 27451K [0x0000000080000000, 0x0000000100000000)
  region size 1024K, 6 young (6144K), 6 survivors (6144K)
 Metaspace       used 44276K, capacity 45411K, committed 45568K, reserved 1089536K
  class space    used 5680K, capacity 6088K, committed 6144K, reserved 1048576K
}
Event: 5.973 GC heap before
{Heap before GC invocations=9 (full 0):
 garbage-first heap   total 129024K, used 94011K [0x0000000080000000, 0x0000000100000000)
  region size 1024K, 68 young (69632K), 6 survivors (6144K)
 Metaspace       used 51908K, capacity 53162K, committed 53376K, reserved 1095680K
  class space    used 6616K, capacity 7040K, committed 7040K, reserved 1048576K
}
Event: 5.979 GC heap after
{Heap after GC invocations=10 (full 0):
 garbage-first heap   total 129024K, used 37942K [0x0000000080000000, 0x0000000100000000)
  region size 1024K, 9 young (9216K), 9 survivors (9216K)
 Metaspace       used 51908K, capacity 53162K, committed 53376K, reserved 1095680K
  class space    used 6616K, capacity 7040K, committed 7040K, reserved 1048576K
}
Event: 6.924 GC heap before
{Heap before GC invocations=10 (full 0):
 garbage-first heap   total 129024K, used 94262K [0x0000000080000000, 0x0000000100000000)
  region size 1024K, 65 young (66560K), 9 survivors (9216K)
 Metaspace       used 58625K, capacity 59985K, committed 60160K, reserved 1101824K
  class space    used 7433K, capacity 7913K, committed 7936K, reserved 1048576K
}
Event: 6.936 GC heap after
{Heap after GC invocations=11 (full 0):
 garbage-first heap   total 129024K, used 43914K [0x0000000080000000, 0x0000000100000000)
  region size 1024K, 6 young (6144K), 6 survivors (6144K)
 Metaspace       used 58625K, capacity 59985K, committed 60160K, reserved 1101824K
  class space    used 7433K, capacity 7913K, committed 7936K, reserved 1048576K
}
Event: 7.653 GC heap before
{Heap before GC invocations=12 (full 0):
 garbage-first heap   total 129024K, used 98186K [0x0000000080000000, 0x0000000100000000)
  region size 1024K, 59 young (60416K), 6 survivors (6144K)
 Metaspace       used 63233K, capacity 64756K, committed 64896K, reserved 1105920K
  class space    used 8226K, capacity 8731K, committed 8832K, reserved 1048576K
}
Event: 7.660 GC heap after
{Heap after GC invocations=13 (full 0):
 garbage-first heap   total 155648K, used 47550K [0x0000000080000000, 0x0000000100000000)
  region size 1024K, 5 young (5120K), 5 survivors (5120K)
 Metaspace       used 63233K, capacity 64756K, committed 64896K, reserved 1105920K
  class space    used 8226K, capacity 8731K, committed 8832K, reserved 1048576K
}
Event: 8.652 GC heap before
{Heap before GC invocations=13 (full 0):
 garbage-first heap   total 155648K, used 112062K [0x0000000080000000, 0x0000000100000000)
  region size 1024K, 68 young (69632K), 5 survivors (5120K)
 Metaspace       used 70459K, capacity 72153K, committed 72320K, reserved 1112064K
  class space    used 9256K, capacity 9831K, committed 9856K, reserved 1048576K
}
Event: 8.658 GC heap after
{Heap after GC invocations=14 (full 0):
 garbage-first heap   total 155648K, used 50633K [0x0000000080000000, 0x0000000100000000)
  region size 1024K, 8 young (8192K), 8 survivors (8192K)
 Metaspace       used 70459K, capacity 72153K, committed 72320K, reserved 1112064K
  class space    used 9256K, capacity 9831K, committed 9856K, reserved 1048576K
}
Event: 9.686 GC heap before
{Heap before GC invocations=14 (full 0):
 garbage-first heap   total 155648K, used 114121K [0x0000000080000000, 0x0000000100000000)
  region size 1024K, 71 young (72704K), 8 survivors (8192K)
 Metaspace       used 75542K, capacity 77475K, committed 77824K, reserved 1116160K
  class space    used 9940K, capacity 10636K, committed 10752K, reserved 1048576K
}
Event: 9.694 GC heap after
{Heap after GC invocations=15 (full 0):
 garbage-first heap   total 155648K, used 55091K [0x0000000080000000, 0x0000000100000000)
  region size 1024K, 8 young (8192K), 8 survivors (8192K)
 Metaspace       used 75542K, capacity 77475K, committed 77824K, reserved 1116160K
  class space    used 9940K, capacity 10636K, committed 10752K, reserved 1048576K
}
Event: 10.598 GC heap before
{Heap before GC invocations=15 (full 0):
 garbage-first heap   total 155648K, used 118579K [0x0000000080000000, 0x0000000100000000)
  region size 1024K, 71 young (72704K), 8 survivors (8192K)
 Metaspace       used 77095K, capacity 79096K, committed 79232K, reserved 1118208K
  class space    used 10064K, capacity 10758K, committed 10880K, reserved 1048576K
}
Event: 10.608 GC heap after
{Heap after GC invocations=16 (full 0):
 garbage-first heap   total 155648K, used 59998K [0x0000000080000000, 0x0000000100000000)
  region size 1024K, 9 young (9216K), 9 survivors (9216K)
 Metaspace       used 77095K, capacity 79096K, committed 79232K, reserved 1118208K
  class space    used 10064K, capacity 10758K, committed 10880K, reserved 1048576K
}
Event: 11.199 GC heap before
{Heap before GC invocations=16 (full 0):
 garbage-first heap   total 155648K, used 123486K [0x0000000080000000, 0x0000000100000000)
  region size 1024K, 69 young (70656K), 9 survivors (9216K)
 Metaspace       used 77338K, capacity 79363K, committed 79488K, reserved 1118208K
  class space    used 10064K, capacity 10758K, committed 10880K, reserved 1048576K
}
Event: 11.211 GC heap after
{Heap after GC invocations=17 (full 0):
 garbage-first heap   total 155648K, used 71943K [0x0000000080000000, 0x0000000100000000)
  region size 1024K, 9 young (9216K), 9 survivors (9216K)
 Metaspace       used 77338K, capacity 79363K, committed 79488K, reserved 1118208K
  class space    used 10064K, capacity 10758K, committed 10880K, reserved 1048576K
}

Deoptimization events (20 events):
Event: 11.777 Thread 0x0000026b31023000 DEOPT PACKING pc=0x0000026b192bab0f sp=0x0000008ce1efa730
Event: 11.777 Thread 0x0000026b31023000 DEOPT UNPACKING pc=0x0000026b17a872ce sp=0x0000008ce1ef9ca8 mode 0
Event: 11.786 Thread 0x0000026b31023000 DEOPT PACKING pc=0x0000026b192bab0f sp=0x0000008ce1efa730
Event: 11.786 Thread 0x0000026b31023000 DEOPT UNPACKING pc=0x0000026b17a872ce sp=0x0000008ce1ef9ca8 mode 0
Event: 11.788 Thread 0x0000026b31023000 DEOPT PACKING pc=0x0000026b192bab0f sp=0x0000008ce1efa730
Event: 11.788 Thread 0x0000026b31023000 DEOPT UNPACKING pc=0x0000026b17a872ce sp=0x0000008ce1ef9ca8 mode 0
Event: 11.791 Thread 0x0000026b31023000 DEOPT PACKING pc=0x0000026b192bab0f sp=0x0000008ce1efa730
Event: 11.791 Thread 0x0000026b31023000 DEOPT UNPACKING pc=0x0000026b17a872ce sp=0x0000008ce1ef9ca8 mode 0
Event: 11.800 Thread 0x0000026b31023000 DEOPT PACKING pc=0x0000026b192bab0f sp=0x0000008ce1efa730
Event: 11.800 Thread 0x0000026b31023000 DEOPT UNPACKING pc=0x0000026b17a872ce sp=0x0000008ce1ef9ca8 mode 0
Event: 11.802 Thread 0x0000026b31023000 DEOPT PACKING pc=0x0000026b192bab0f sp=0x0000008ce1efa730
Event: 11.802 Thread 0x0000026b31023000 DEOPT UNPACKING pc=0x0000026b17a872ce sp=0x0000008ce1ef9ca8 mode 0
Event: 11.808 Thread 0x0000026b31023000 DEOPT PACKING pc=0x0000026b192bab0f sp=0x0000008ce1efa730
Event: 11.808 Thread 0x0000026b31023000 DEOPT UNPACKING pc=0x0000026b17a872ce sp=0x0000008ce1ef9ca8 mode 0
Event: 11.814 Thread 0x0000026b31023000 DEOPT PACKING pc=0x0000026b192bab0f sp=0x0000008ce1efa730
Event: 11.814 Thread 0x0000026b31023000 DEOPT UNPACKING pc=0x0000026b17a872ce sp=0x0000008ce1ef9ca8 mode 0
Event: 11.819 Thread 0x0000026b31023000 DEOPT PACKING pc=0x0000026b192bab0f sp=0x0000008ce1efa730
Event: 11.819 Thread 0x0000026b31023000 DEOPT UNPACKING pc=0x0000026b17a872ce sp=0x0000008ce1ef9ca8 mode 0
Event: 11.821 Thread 0x0000026b31023000 DEOPT PACKING pc=0x0000026b192bab0f sp=0x0000008ce1efa730
Event: 11.821 Thread 0x0000026b31023000 DEOPT UNPACKING pc=0x0000026b17a872ce sp=0x0000008ce1ef9ca8 mode 0

Classes redefined (0 events):
No events

Internal exceptions (20 events):
Event: 9.489 Thread 0x0000026b32dae000 Exception <a 'java/lang/NoSuchMethodError'{0x0000000086cf8060}: 'java.lang.Object java.lang.invoke.DirectMethodHandle$Holder.invokeSpecialIFC(java.lang.Object, java.lang.Object, java.lang.Object)'> (0x0000000086cf8060) thrown at [./src/hotspot/share/interpreter/linkResolver.cpp, line 773]
Event: 9.825 Thread 0x0000026b307ac000 Exception <a 'java/lang/NoSuchMethodError'{0x0000000088526e20}: <clinit>> (0x0000000088526e20) thrown at [./src/hotspot/share/prims/jni.cpp, line 1362]
Event: 10.935 Thread 0x0000026b31023000 Implicit null exception at 0x0000026b1fa3c5f4 to 0x0000026b1fa3c84c
Event: 11.480 Thread 0x0000026b31023000 Exception <a 'java/lang/NoSuchMethodError'{0x0000000088241f38}: <clinit>> (0x0000000088241f38) thrown at [./src/hotspot/share/prims/jni.cpp, line 1362]
Event: 11.481 Thread 0x0000026b31023000 Exception <a 'java/lang/NoSuchMethodError'{0x0000000088250750}: <clinit>> (0x0000000088250750) thrown at [./src/hotspot/share/prims/jni.cpp, line 1362]
Event: 11.486 Thread 0x0000026b31023000 Exception <a 'java/lang/NoSuchMethodError'{0x00000000882b66b8}: <clinit>> (0x00000000882b66b8) thrown at [./src/hotspot/share/prims/jni.cpp, line 1362]
Event: 11.486 Thread 0x0000026b31023000 Exception <a 'java/lang/NoSuchMethodError'{0x00000000882b8fd8}: <clinit>> (0x00000000882b8fd8) thrown at [./src/hotspot/share/prims/jni.cpp, line 1362]
Event: 11.486 Thread 0x0000026b31023000 Exception <a 'java/lang/NoSuchMethodError'{0x00000000882bd658}: <clinit>> (0x00000000882bd658) thrown at [./src/hotspot/share/prims/jni.cpp, line 1362]
Event: 11.486 Thread 0x0000026b31023000 Exception <a 'java/lang/NoSuchMethodError'{0x00000000882c8690}: <clinit>> (0x00000000882c8690) thrown at [./src/hotspot/share/prims/jni.cpp, line 1362]
Event: 11.489 Thread 0x0000026b31023000 Exception <a 'java/lang/NoSuchMethodError'{0x000000008811dbb8}: <clinit>> (0x000000008811dbb8) thrown at [./src/hotspot/share/prims/jni.cpp, line 1362]
Event: 11.490 Thread 0x0000026b31023000 Exception <a 'java/lang/NoSuchMethodError'{0x000000008814fa58}: <clinit>> (0x000000008814fa58) thrown at [./src/hotspot/share/prims/jni.cpp, line 1362]
Event: 11.490 Thread 0x0000026b31023000 Exception <a 'java/lang/NoSuchMethodError'{0x0000000088152ec0}: <clinit>> (0x0000000088152ec0) thrown at [./src/hotspot/share/prims/jni.cpp, line 1362]
Event: 11.491 Thread 0x0000026b31023000 Exception <a 'java/lang/NoSuchMethodError'{0x0000000088155b30}: <clinit>> (0x0000000088155b30) thrown at [./src/hotspot/share/prims/jni.cpp, line 1362]
Event: 11.491 Thread 0x0000026b31023000 Exception <a 'java/lang/NoSuchMethodError'{0x000000008816db28}: <clinit>> (0x000000008816db28) thrown at [./src/hotspot/share/prims/jni.cpp, line 1362]
Event: 11.492 Thread 0x0000026b31023000 Exception <a 'java/lang/NoSuchMethodError'{0x0000000088185078}: <clinit>> (0x0000000088185078) thrown at [./src/hotspot/share/prims/jni.cpp, line 1362]
Event: 11.493 Thread 0x0000026b31023000 Exception <a 'java/lang/NoSuchMethodError'{0x0000000088199ae0}: <clinit>> (0x0000000088199ae0) thrown at [./src/hotspot/share/prims/jni.cpp, line 1362]
Event: 11.495 Thread 0x0000026b31023000 Exception <a 'java/lang/NoSuchMethodError'{0x00000000881b95e8}: <clinit>> (0x00000000881b95e8) thrown at [./src/hotspot/share/prims/jni.cpp, line 1362]
Event: 11.496 Thread 0x0000026b31023000 Exception <a 'java/lang/NoSuchMethodError'{0x00000000881db180}: <clinit>> (0x00000000881db180) thrown at [./src/hotspot/share/prims/jni.cpp, line 1362]
Event: 11.497 Thread 0x0000026b31023000 Exception <a 'java/lang/NoSuchMethodError'{0x00000000881edcc8}: <clinit>> (0x00000000881edcc8) thrown at [./src/hotspot/share/prims/jni.cpp, line 1362]
Event: 11.562 Thread 0x0000026b31023000 Implicit null exception at 0x0000026b1f6dd26c to 0x0000026b1f6dd8ac

Events (20 events):
Event: 11.719 loading class org/gradle/launcher/daemon/server/health/gc/GarbageCollectionStats
Event: 11.719 loading class org/gradle/launcher/daemon/server/health/gc/GarbageCollectionStats done
Event: 11.720 loading class org/gradle/launcher/daemon/server/health/DaemonMemoryStatus$3
Event: 11.720 loading class org/gradle/launcher/daemon/server/health/DaemonMemoryStatus$3 done
Event: 11.720 loading class org/gradle/launcher/daemon/server/health/DaemonMemoryStatus$1
Event: 11.720 loading class org/gradle/launcher/daemon/server/health/DaemonMemoryStatus$1 done
Event: 11.720 loading class org/gradle/launcher/daemon/server/health/DaemonMemoryStatus$2
Event: 11.720 loading class org/gradle/launcher/daemon/server/health/DaemonMemoryStatus$2 done
Event: 11.720 loading class org/gradle/launcher/daemon/server/CompatibleDaemonExpirationStrategy$1
Event: 11.720 loading class org/gradle/launcher/daemon/server/CompatibleDaemonExpirationStrategy$1 done
Event: 11.720 loading class org/gradle/launcher/daemon/registry/PersistentDaemonRegistry$1
Event: 11.720 loading class org/gradle/launcher/daemon/registry/PersistentDaemonRegistry$1 done
Event: 11.720 loading class org/gradle/cache/internal/SimpleStateCache$1
Event: 11.720 loading class org/gradle/cache/internal/SimpleStateCache$1 done
Event: 11.722 loading class org/gradle/launcher/daemon/server/DaemonRegistryUnavailableExpirationStrategy$1
Event: 11.722 loading class org/gradle/launcher/daemon/server/DaemonRegistryUnavailableExpirationStrategy$1 done
Event: 11.722 loading class com/google/common/collect/Lists$TransformingSequentialList$1
Event: 11.722 loading class com/google/common/collect/Lists$TransformingSequentialList$1 done
Event: 11.723 loading class com/google/common/collect/TransformedListIterator
Event: 11.723 loading class com/google/common/collect/TransformedListIterator done


Dynamic libraries:
0x00007ff70fe00000 - 0x00007ff70fe0a000 	C:\Program Files\Android\Android Studio\jre\bin\java.exe
0x00007ffda68d0000 - 0x00007ffda6ac5000 	C:\Windows\SYSTEM32\ntdll.dll
0x00007ffda5d80000 - 0x00007ffda5e3d000 	C:\Windows\System32\KERNEL32.DLL
0x00007ffda4470000 - 0x00007ffda4737000 	C:\Windows\System32\KERNELBASE.dll
0x00007ffda4370000 - 0x00007ffda4470000 	C:\Windows\System32\ucrtbase.dll
0x00007ffd9bd70000 - 0x00007ffd9bd87000 	C:\Program Files\Android\Android Studio\jre\bin\VCRUNTIME140.dll
0x00007ffd9bd90000 - 0x00007ffd9bda9000 	C:\Program Files\Android\Android Studio\jre\bin\jli.dll
0x00007ffda4dd0000 - 0x00007ffda4f70000 	C:\Windows\System32\USER32.dll
0x00007ffda4140000 - 0x00007ffda4162000 	C:\Windows\System32\win32u.dll
0x00007ffd8ed90000 - 0x00007ffd8f02b000 	C:\Windows\WinSxS\amd64_microsoft.windows.common-controls_6595b64144ccf1df_6.0.19041.488_none_ca04af081b815d21\COMCTL32.dll
0x00007ffda54c0000 - 0x00007ffda54ea000 	C:\Windows\System32\GDI32.dll
0x00007ffda4770000 - 0x00007ffda4879000 	C:\Windows\System32\gdi32full.dll
0x00007ffda6610000 - 0x00007ffda66ae000 	C:\Windows\System32\msvcrt.dll
0x00007ffda42d0000 - 0x00007ffda436d000 	C:\Windows\System32\msvcp_win.dll
0x00007ffda5400000 - 0x00007ffda5430000 	C:\Windows\System32\IMM32.DLL
0x00007ffd9bcd0000 - 0x00007ffd9bd6d000 	C:\Program Files\Android\Android Studio\jre\bin\msvcp140.dll
0x00007ffd75c50000 - 0x00007ffd7670c000 	C:\Program Files\Android\Android Studio\jre\bin\server\jvm.dll
0x00007ffda5ea0000 - 0x00007ffda5f4a000 	C:\Windows\System32\ADVAPI32.dll
0x00007ffda67e0000 - 0x00007ffda687b000 	C:\Windows\System32\sechost.dll
0x00007ffda66b0000 - 0x00007ffda67d4000 	C:\Windows\System32\RPCRT4.dll
0x00007ffda4b40000 - 0x00007ffda4b48000 	C:\Windows\System32\PSAPI.DLL
0x00007ffd9f730000 - 0x00007ffd9f739000 	C:\Windows\SYSTEM32\WSOCK32.dll
0x00007ffd9c870000 - 0x00007ffd9c87a000 	C:\Windows\SYSTEM32\VERSION.dll
0x00007ffd90d80000 - 0x00007ffd90da7000 	C:\Windows\SYSTEM32\WINMM.dll
0x00007ffda5380000 - 0x00007ffda53eb000 	C:\Windows\System32\ws2_32.DLL
0x00007ffda2900000 - 0x00007ffda2913000 	C:\Windows\SYSTEM32\kernel.appcore.dll
0x00007ffd9f630000 - 0x00007ffd9f641000 	C:\Program Files\Android\Android Studio\jre\bin\verify.dll
0x00007ffda1e80000 - 0x00007ffda2064000 	C:\Windows\SYSTEM32\DBGHELP.DLL
0x00007ffd8ae00000 - 0x00007ffd8ae2c000 	C:\Windows\SYSTEM32\dbgcore.DLL
0x00007ffda40c0000 - 0x00007ffda413f000 	C:\Windows\System32\bcryptPrimitives.dll
0x00007ffd9e730000 - 0x00007ffd9e759000 	C:\Program Files\Android\Android Studio\jre\bin\java.dll
0x00007ffd9f620000 - 0x00007ffd9f62b000 	C:\Program Files\Android\Android Studio\jre\bin\jimage.dll
0x00007ffd9d940000 - 0x00007ffd9d958000 	C:\Program Files\Android\Android Studio\jre\bin\zip.dll
0x00007ffda5630000 - 0x00007ffda5d71000 	C:\Windows\System32\SHELL32.dll
0x00007ffda2150000 - 0x00007ffda28e3000 	C:\Windows\SYSTEM32\windows.storage.dll
0x00007ffda4f70000 - 0x00007ffda52c5000 	C:\Windows\System32\combase.dll
0x00007ffda3a80000 - 0x00007ffda3aac000 	C:\Windows\SYSTEM32\Wldp.dll
0x00007ffda6560000 - 0x00007ffda660e000 	C:\Windows\System32\SHCORE.dll
0x00007ffda5e40000 - 0x00007ffda5e95000 	C:\Windows\System32\shlwapi.dll
0x00007ffda3f40000 - 0x00007ffda3f66000 	C:\Windows\SYSTEM32\profapi.dll
0x00007ffd9bfa0000 - 0x00007ffd9bfba000 	C:\Program Files\Android\Android Studio\jre\bin\net.dll
0x00007ffd95b30000 - 0x00007ffd95c30000 	C:\Windows\SYSTEM32\WINHTTP.dll
0x00007ffda3800000 - 0x00007ffda386a000 	C:\Windows\system32\mswsock.dll
0x00007ffd9be30000 - 0x00007ffd9be44000 	C:\Program Files\Android\Android Studio\jre\bin\nio.dll
0x00007ffd8e1b0000 - 0x00007ffd8e1d7000 	C:\Users\Win10_Game_OS\.gradle\native\fdc75f09e3144964f2cf3f50f0aa648679c211496f362492102eb8c894070792\windows-amd64\native-platform.dll
0x00007ffd75ab0000 - 0x00007ffd75c46000 	C:\Users\Win10_Game_OS\.gradle\native\12488b8bf47d2d4c9fbf2f6322a914ad602e24e48041cd04a747c6da556b65c4\windows-amd64\native-platform-file-events.dll
0x00007ffd9e1e0000 - 0x00007ffd9e1ea000 	C:\Program Files\Android\Android Studio\jre\bin\management.dll
0x00007ffd9df50000 - 0x00007ffd9df5c000 	C:\Program Files\Android\Android Studio\jre\bin\management_ext.dll
0x00007ffda39d0000 - 0x00007ffda39e8000 	C:\Windows\SYSTEM32\CRYPTSP.dll
0x00007ffda3120000 - 0x00007ffda3154000 	C:\Windows\system32\rsaenh.dll
0x00007ffda4740000 - 0x00007ffda4767000 	C:\Windows\System32\bcrypt.dll
0x00007ffda3f00000 - 0x00007ffda3f2e000 	C:\Windows\SYSTEM32\USERENV.dll
0x00007ffda39f0000 - 0x00007ffda39fc000 	C:\Windows\SYSTEM32\CRYPTBASE.dll
0x00007ffda34a0000 - 0x00007ffda34db000 	C:\Windows\SYSTEM32\IPHLPAPI.DLL
0x00007ffda6880000 - 0x00007ffda6889000 	C:\Windows\System32\NSI.dll
0x00007ffd9bed0000 - 0x00007ffd9bee7000 	C:\Windows\SYSTEM32\dhcpcsvc6.DLL
0x00007ffd9c1f0000 - 0x00007ffd9c20d000 	C:\Windows\SYSTEM32\dhcpcsvc.DLL
0x00007ffda34e0000 - 0x00007ffda35ab000 	C:\Windows\SYSTEM32\DNSAPI.dll
0x00007ffd9c8b0000 - 0x00007ffd9c8bb000 	C:\Windows\SYSTEM32\WINNSI.DLL

dbghelp: loaded successfully - version: 4.0.5 - missing functions: none
symbol engine: initialized successfully - sym options: 0x614 - pdb path: .;C:\Program Files\Android\Android Studio\jre\bin;C:\Windows\SYSTEM32;C:\Windows\WinSxS\amd64_microsoft.windows.common-controls_6595b64144ccf1df_6.0.19041.488_none_ca04af081b815d21;C:\Program Files\Android\Android Studio\jre\bin\server;C:\Users\Win10_Game_OS\.gradle\native\fdc75f09e3144964f2cf3f50f0aa648679c211496f362492102eb8c894070792\windows-amd64;C:\Users\Win10_Game_OS\.gradle\native\12488b8bf47d2d4c9fbf2f6322a914ad602e24e48041cd04a747c6da556b65c4\windows-amd64

VM Arguments:
jvm_args: --add-opens=java.base/java.util=ALL-UNNAMED --add-opens=java.base/java.lang=ALL-UNNAMED --add-opens=java.base/java.lang.invoke=ALL-UNNAMED --add-opens=java.prefs/java.util.prefs=ALL-UNNAMED -Xmx2048m -Dfile.encoding=UTF-8 -Duser.country=RU -Duser.language=ru -Duser.variant 
java_command: org.gradle.launcher.daemon.bootstrap.GradleDaemon 6.7.1
java_class_path (initial): C:\Users\Win10_Game_OS\.gradle\wrapper\dists\gradle-6.7.1-bin\bwlcbys1h7rz3272sye1xwiv6\gradle-6.7.1\lib\gradle-launcher-6.7.1.jar
Launcher Type: SUN_STANDARD

[Global flags]
     intx CICompilerCount                          = 4                                         {product} {ergonomic}
     uint ConcGCThreads                            = 3                                         {product} {ergonomic}
     uint G1ConcRefinementThreads                  = 10                                        {product} {ergonomic}
   size_t G1HeapRegionSize                         = 1048576                                   {product} {ergonomic}
    uintx GCDrainStackTargetSize                   = 64                                        {product} {ergonomic}
   size_t InitialHeapSize                          = 132120576                                 {product} {ergonomic}
   size_t MarkStackSize                            = 4194304                                   {product} {ergonomic}
   size_t MaxHeapSize                              = 2147483648                                {product} {command line}
   size_t MaxNewSize                               = 1287651328                                {product} {ergonomic}
   size_t MinHeapDeltaBytes                        = 1048576                                   {product} {ergonomic}
    uintx NonNMethodCodeHeapSize                   = 5836300                                {pd product} {ergonomic}
    uintx NonProfiledCodeHeapSize                  = 122910970                              {pd product} {ergonomic}
    uintx ProfiledCodeHeapSize                     = 122910970                              {pd product} {ergonomic}
    uintx ReservedCodeCacheSize                    = 251658240                              {pd product} {ergonomic}
     bool SegmentedCodeCache                       = true                                      {product} {ergonomic}
     bool UseCompressedClassPointers               = true                                 {lp64_product} {ergonomic}
     bool UseCompressedOops                        = true                                 {lp64_product} {ergonomic}
     bool UseG1GC                                  = true                                      {product} {ergonomic}
     bool UseLargePagesIndividualAllocation        = false                                  {pd product} {ergonomic}

Logging:
Log output configuration:
 #0: stdout all=warning uptime,level,tags
 #1: stderr all=off uptime,level,tags

Environment Variables:
PATH=C:\Windows\system32;C:\Windows;C:\Windows\System32\Wbem;C:\Windows\System32\WindowsPowerShell\v1.0\;C:\Windows\System32\OpenSSH\;C:\Users\Win10_Game_OS\AppData\Local\Programs\Python\Python38\Scripts\;C:\Users\Win10_Game_OS\AppData\Local\Programs\Python\Python38\;C:\Users\Win10_Game_OS\AppData\Local\Programs\Python\Launcher\;C:\Users\Win10_Game_OS\AppData\Local\Microsoft\WindowsApps;C:\Program Files\JetBrains\IntelliJ IDEA Community Edition 2021.1.1\bin
USERNAME=Win10_Game_OS
OS=Windows_NT
PROCESSOR_IDENTIFIER=Intel64 Family 6 Model 158 Stepping 10, GenuineIntel



---------------  S Y S T E M  ---------------

OS: Windows 10 , 64 bit Build 19041 (10.0.19041.292)
OS uptime: 1 days 11:09 hours

CPU:total 12 (initial active 12) (6 cores per cpu, 2 threads per core) family 6 model 158 stepping 10, cmov, cx8, fxsr, mmx, sse, sse2, sse3, ssse3, sse4.1, sse4.2, popcnt, avx, avx2, aes, clmul, erms, 3dnowpref, lzcnt, ht, tsc, tscinvbit, bmi1, bmi2, adx, fma

Memory: 4k page, system-wide physical 8042M (2160M free)
TotalPageFile size 12138M (AvailPageFile size 5M)
current process WorkingSet (physical memory assigned to process): 399M, peak: 399M
current process commit charge ("private bytes"): 443M, peak: 445M

vm_info: OpenJDK 64-Bit Server VM (11.0.8+10-b944.6842174) for windows-amd64 JRE (11.0.8+10-b944.6842174), built on Sep 19 2020 01:11:42 by "builder" with MS VC++ 14.0 (VS2015)

END.
